ERROR - 2022-04-05 13:39:01 --> Error connecting to the database: No connection could be made because the target machine actively refused it
CRITICAL - 2022-04-05 13:39:01 --> Unable to connect to the database.
Main connection [MySQLi]: No connection could be made because the target machine actively refused it
#0 C:\Users\WORK\Documents\dika\ci4\stockmadu\system\Database\BaseConnection.php(577): CodeIgniter\Database\BaseConnection->initialize()
#1 C:\Users\WORK\Documents\dika\ci4\stockmadu\system\Database\BaseBuilder.php(1455): CodeIgniter\Database\BaseConnection->query('SELECT *\nFROM `...', Array, false)
#2 C:\Users\WORK\Documents\dika\ci4\stockmadu\system\Model.php(183): CodeIgniter\Database\BaseBuilder->get()
#3 C:\Users\WORK\Documents\dika\ci4\stockmadu\system\BaseModel.php(584): CodeIgniter\Model->doFindAll(0, 0)
#4 C:\Users\WORK\Documents\dika\ci4\stockmadu\app\Controllers\Auth.php(23): CodeIgniter\BaseModel->findAll()
#5 C:\Users\WORK\Documents\dika\ci4\stockmadu\system\CodeIgniter.php(832): App\Controllers\Auth->login()
#6 C:\Users\WORK\Documents\dika\ci4\stockmadu\system\CodeIgniter.php(419): CodeIgniter\CodeIgniter->runController(Object(App\Controllers\Auth))
#7 C:\Users\WORK\Documents\dika\ci4\stockmadu\system\CodeIgniter.php(326): CodeIgniter\CodeIgniter->handleRequest(NULL, Object(Config\Cache), false)
#8 C:\Users\WORK\Documents\dika\ci4\stockmadu\public\index.php(37): CodeIgniter\CodeIgniter->run()
#9 C:\Users\WORK\Documents\dika\ci4\stockmadu\system\Commands\Server\rewrite.php(43): require_once('C:\\Users\\WORK\\D...')
#10 {main}
ERROR - 2022-04-05 13:39:18 --> Error connecting to the database: No connection could be made because the target machine actively refused it
CRITICAL - 2022-04-05 13:39:18 --> Unable to connect to the database.
Main connection [MySQLi]: No connection could be made because the target machine actively refused it
#0 C:\Users\WORK\Documents\dika\ci4\stockmadu\system\Database\BaseConnection.php(577): CodeIgniter\Database\BaseConnection->initialize()
#1 C:\Users\WORK\Documents\dika\ci4\stockmadu\system\Database\BaseBuilder.php(1455): CodeIgniter\Database\BaseConnection->query('SELECT *\nFROM `...', Array, false)
#2 C:\Users\WORK\Documents\dika\ci4\stockmadu\system\Model.php(183): CodeIgniter\Database\BaseBuilder->get()
#3 C:\Users\WORK\Documents\dika\ci4\stockmadu\system\BaseModel.php(584): CodeIgniter\Model->doFindAll(0, 0)
#4 C:\Users\WORK\Documents\dika\ci4\stockmadu\app\Controllers\Auth.php(23): CodeIgniter\BaseModel->findAll()
#5 C:\Users\WORK\Documents\dika\ci4\stockmadu\system\CodeIgniter.php(832): App\Controllers\Auth->login()
#6 C:\Users\WORK\Documents\dika\ci4\stockmadu\system\CodeIgniter.php(419): CodeIgniter\CodeIgniter->runController(Object(App\Controllers\Auth))
#7 C:\Users\WORK\Documents\dika\ci4\stockmadu\system\CodeIgniter.php(326): CodeIgniter\CodeIgniter->handleRequest(NULL, Object(Config\Cache), false)
#8 C:\Users\WORK\Documents\dika\ci4\stockmadu\public\index.php(37): CodeIgniter\CodeIgniter->run()
#9 C:\Users\WORK\Documents\dika\ci4\stockmadu\system\Commands\Server\rewrite.php(43): require_once('C:\\Users\\WORK\\D...')
#10 {main}
CRITICAL - 2022-04-05 13:48:57 --> Call to undefined method App\Models\OutletModel::count
#0 C:\Users\WORK\Documents\dika\ci4\stockmadu\app\Controllers\Home.php(24): CodeIgniter\Model->__call('count', Array)
#1 C:\Users\WORK\Documents\dika\ci4\stockmadu\system\CodeIgniter.php(832): App\Controllers\Home->index()
#2 C:\Users\WORK\Documents\dika\ci4\stockmadu\system\CodeIgniter.php(419): CodeIgniter\CodeIgniter->runController(Object(App\Controllers\Home))
#3 C:\Users\WORK\Documents\dika\ci4\stockmadu\system\CodeIgniter.php(326): CodeIgniter\CodeIgniter->handleRequest(NULL, Object(Config\Cache), false)
#4 C:\Users\WORK\Documents\dika\ci4\stockmadu\public\index.php(37): CodeIgniter\CodeIgniter->run()
#5 C:\Users\WORK\Documents\dika\ci4\stockmadu\system\Commands\Server\rewrite.php(43): require_once('C:\\Users\\WORK\\D...')
#6 {main}
CRITICAL - 2022-04-05 13:49:02 --> Call to undefined method App\Models\OutletModel::count
#0 C:\Users\WORK\Documents\dika\ci4\stockmadu\app\Controllers\Home.php(24): CodeIgniter\Model->__call('count', Array)
#1 C:\Users\WORK\Documents\dika\ci4\stockmadu\system\CodeIgniter.php(832): App\Controllers\Home->index()
#2 C:\Users\WORK\Documents\dika\ci4\stockmadu\system\CodeIgniter.php(419): CodeIgniter\CodeIgniter->runController(Object(App\Controllers\Home))
#3 C:\Users\WORK\Documents\dika\ci4\stockmadu\system\CodeIgniter.php(326): CodeIgniter\CodeIgniter->handleRequest(NULL, Object(Config\Cache), false)
#4 C:\Users\WORK\Documents\dika\ci4\stockmadu\public\index.php(37): CodeIgniter\CodeIgniter->run()
#5 C:\Users\WORK\Documents\dika\ci4\stockmadu\system\Commands\Server\rewrite.php(43): require_once('C:\\Users\\WORK\\D...')
#6 {main}
CRITICAL - 2022-04-05 13:49:43 --> Call to undefined method App\Models\OutletModel::count
#0 C:\Users\WORK\Documents\dika\ci4\stockmadu\app\Controllers\Home.php(22): CodeIgniter\Model->__call('count', Array)
#1 C:\Users\WORK\Documents\dika\ci4\stockmadu\system\CodeIgniter.php(832): App\Controllers\Home->index()
#2 C:\Users\WORK\Documents\dika\ci4\stockmadu\system\CodeIgniter.php(419): CodeIgniter\CodeIgniter->runController(Object(App\Controllers\Home))
#3 C:\Users\WORK\Documents\dika\ci4\stockmadu\system\CodeIgniter.php(326): CodeIgniter\CodeIgniter->handleRequest(NULL, Object(Config\Cache), false)
#4 C:\Users\WORK\Documents\dika\ci4\stockmadu\public\index.php(37): CodeIgniter\CodeIgniter->run()
#5 C:\Users\WORK\Documents\dika\ci4\stockmadu\system\Commands\Server\rewrite.php(43): require_once('C:\\Users\\WORK\\D...')
#6 {main}
CRITICAL - 2022-04-05 13:49:51 --> syntax error, unexpected token "return", expecting ";"
#0 C:\Users\WORK\Documents\dika\ci4\stockmadu\system\Autoloader\Autoloader.php(241): CodeIgniter\Autoloader\Autoloader->includeFile('C:\\Users\\WORK\\D...')
#1 C:\Users\WORK\Documents\dika\ci4\stockmadu\system\Autoloader\Autoloader.php(219): CodeIgniter\Autoloader\Autoloader->loadInNamespace('App\\Controllers...')
#2 [internal function]: CodeIgniter\Autoloader\Autoloader->loadClass('App\\Controllers...')
#3 C:\Users\WORK\Documents\dika\ci4\stockmadu\system\CodeIgniter.php(797): class_exists('\\App\\Controller...', true)
#4 C:\Users\WORK\Documents\dika\ci4\stockmadu\system\CodeIgniter.php(406): CodeIgniter\CodeIgniter->startController()
#5 C:\Users\WORK\Documents\dika\ci4\stockmadu\system\CodeIgniter.php(326): CodeIgniter\CodeIgniter->handleRequest(NULL, Object(Config\Cache), false)
#6 C:\Users\WORK\Documents\dika\ci4\stockmadu\public\index.php(37): CodeIgniter\CodeIgniter->run()
#7 C:\Users\WORK\Documents\dika\ci4\stockmadu\system\Commands\Server\rewrite.php(43): require_once('C:\\Users\\WORK\\D...')
#8 {main}
CRITICAL - 2022-04-05 13:49:59 --> Call to undefined method App\Models\OutletModel::count
#0 C:\Users\WORK\Documents\dika\ci4\stockmadu\app\Controllers\Home.php(22): CodeIgniter\Model->__call('count', Array)
#1 C:\Users\WORK\Documents\dika\ci4\stockmadu\system\CodeIgniter.php(832): App\Controllers\Home->index()
#2 C:\Users\WORK\Documents\dika\ci4\stockmadu\system\CodeIgniter.php(419): CodeIgniter\CodeIgniter->runController(Object(App\Controllers\Home))
#3 C:\Users\WORK\Documents\dika\ci4\stockmadu\system\CodeIgniter.php(326): CodeIgniter\CodeIgniter->handleRequest(NULL, Object(Config\Cache), false)
#4 C:\Users\WORK\Documents\dika\ci4\stockmadu\public\index.php(37): CodeIgniter\CodeIgniter->run()
#5 C:\Users\WORK\Documents\dika\ci4\stockmadu\system\Commands\Server\rewrite.php(43): require_once('C:\\Users\\WORK\\D...')
#6 {main}
CRITICAL - 2022-04-05 13:50:11 --> Call to undefined method App\Models\OutletModel::count
#0 C:\Users\WORK\Documents\dika\ci4\stockmadu\app\Controllers\Home.php(22): CodeIgniter\Model->__call('count', Array)
#1 C:\Users\WORK\Documents\dika\ci4\stockmadu\system\CodeIgniter.php(832): App\Controllers\Home->index()
#2 C:\Users\WORK\Documents\dika\ci4\stockmadu\system\CodeIgniter.php(419): CodeIgniter\CodeIgniter->runController(Object(App\Controllers\Home))
#3 C:\Users\WORK\Documents\dika\ci4\stockmadu\system\CodeIgniter.php(326): CodeIgniter\CodeIgniter->handleRequest(NULL, Object(Config\Cache), false)
#4 C:\Users\WORK\Documents\dika\ci4\stockmadu\public\index.php(37): CodeIgniter\CodeIgniter->run()
#5 C:\Users\WORK\Documents\dika\ci4\stockmadu\system\Commands\Server\rewrite.php(43): require_once('C:\\Users\\WORK\\D...')
#6 {main}
CRITICAL - 2022-04-05 13:50:28 --> Call to undefined method App\Models\OutletModel::count
#0 C:\Users\WORK\Documents\dika\ci4\stockmadu\app\Controllers\Home.php(22): CodeIgniter\Model->__call('count', Array)
#1 C:\Users\WORK\Documents\dika\ci4\stockmadu\system\CodeIgniter.php(832): App\Controllers\Home->index()
#2 C:\Users\WORK\Documents\dika\ci4\stockmadu\system\CodeIgniter.php(419): CodeIgniter\CodeIgniter->runController(Object(App\Controllers\Home))
#3 C:\Users\WORK\Documents\dika\ci4\stockmadu\system\CodeIgniter.php(326): CodeIgniter\CodeIgniter->handleRequest(NULL, Object(Config\Cache), false)
#4 C:\Users\WORK\Documents\dika\ci4\stockmadu\public\index.php(37): CodeIgniter\CodeIgniter->run()
#5 C:\Users\WORK\Documents\dika\ci4\stockmadu\system\Commands\Server\rewrite.php(43): require_once('C:\\Users\\WORK\\D...')
#6 {main}
CRITICAL - 2022-04-05 13:52:40 --> Object of class App\Models\OutletModel could not be converted to string
#0 C:\Users\WORK\Documents\dika\ci4\stockmadu\system\CodeIgniter.php(832): App\Controllers\Home->index()
#1 C:\Users\WORK\Documents\dika\ci4\stockmadu\system\CodeIgniter.php(419): CodeIgniter\CodeIgniter->runController(Object(App\Controllers\Home))
#2 C:\Users\WORK\Documents\dika\ci4\stockmadu\system\CodeIgniter.php(326): CodeIgniter\CodeIgniter->handleRequest(NULL, Object(Config\Cache), false)
#3 C:\Users\WORK\Documents\dika\ci4\stockmadu\public\index.php(37): CodeIgniter\CodeIgniter->run()
#4 C:\Users\WORK\Documents\dika\ci4\stockmadu\system\Commands\Server\rewrite.php(43): require_once('C:\\Users\\WORK\\D...')
#5 {main}
CRITICAL - 2022-04-05 13:53:46 --> count(): Argument #1 ($value) must be of type Countable|array, CodeIgniter\Database\MySQLi\Result given
#0 C:\Users\WORK\Documents\dika\ci4\stockmadu\app\Controllers\Home.php(23): count(Object(CodeIgniter\Database\MySQLi\Result))
#1 C:\Users\WORK\Documents\dika\ci4\stockmadu\system\CodeIgniter.php(832): App\Controllers\Home->index()
#2 C:\Users\WORK\Documents\dika\ci4\stockmadu\system\CodeIgniter.php(419): CodeIgniter\CodeIgniter->runController(Object(App\Controllers\Home))
#3 C:\Users\WORK\Documents\dika\ci4\stockmadu\system\CodeIgniter.php(326): CodeIgniter\CodeIgniter->handleRequest(NULL, Object(Config\Cache), false)
#4 C:\Users\WORK\Documents\dika\ci4\stockmadu\public\index.php(37): CodeIgniter\CodeIgniter->run()
#5 C:\Users\WORK\Documents\dika\ci4\stockmadu\system\Commands\Server\rewrite.php(43): require_once('C:\\Users\\WORK\\D...')
#6 {main}
CRITICAL - 2022-04-05 13:54:20 --> count(): Argument #1 ($value) must be of type Countable|array, CodeIgniter\Database\MySQLi\Result given
#0 C:\Users\WORK\Documents\dika\ci4\stockmadu\app\Controllers\Home.php(23): count(Object(CodeIgniter\Database\MySQLi\Result))
#1 C:\Users\WORK\Documents\dika\ci4\stockmadu\system\CodeIgniter.php(832): App\Controllers\Home->index()
#2 C:\Users\WORK\Documents\dika\ci4\stockmadu\system\CodeIgniter.php(419): CodeIgniter\CodeIgniter->runController(Object(App\Controllers\Home))
#3 C:\Users\WORK\Documents\dika\ci4\stockmadu\system\CodeIgniter.php(326): CodeIgniter\CodeIgniter->handleRequest(NULL, Object(Config\Cache), false)
#4 C:\Users\WORK\Documents\dika\ci4\stockmadu\public\index.php(37): CodeIgniter\CodeIgniter->run()
#5 C:\Users\WORK\Documents\dika\ci4\stockmadu\system\Commands\Server\rewrite.php(43): require_once('C:\\Users\\WORK\\D...')
#6 {main}
CRITICAL - 2022-04-05 13:54:22 --> count(): Argument #1 ($value) must be of type Countable|array, CodeIgniter\Database\MySQLi\Result given
#0 C:\Users\WORK\Documents\dika\ci4\stockmadu\app\Controllers\Home.php(23): count(Object(CodeIgniter\Database\MySQLi\Result))
#1 C:\Users\WORK\Documents\dika\ci4\stockmadu\system\CodeIgniter.php(832): App\Controllers\Home->index()
#2 C:\Users\WORK\Documents\dika\ci4\stockmadu\system\CodeIgniter.php(419): CodeIgniter\CodeIgniter->runController(Object(App\Controllers\Home))
#3 C:\Users\WORK\Documents\dika\ci4\stockmadu\system\CodeIgniter.php(326): CodeIgniter\CodeIgniter->handleRequest(NULL, Object(Config\Cache), false)
#4 C:\Users\WORK\Documents\dika\ci4\stockmadu\public\index.php(37): CodeIgniter\CodeIgniter->run()
#5 C:\Users\WORK\Documents\dika\ci4\stockmadu\system\Commands\Server\rewrite.php(43): require_once('C:\\Users\\WORK\\D...')
#6 {main}
CRITICAL - 2022-04-05 13:57:05 --> count(): Argument #1 ($value) must be of type Countable|array, CodeIgniter\Database\MySQLi\Result given
#0 C:\Users\WORK\Documents\dika\ci4\stockmadu\app\Controllers\Home.php(25): count(Object(CodeIgniter\Database\MySQLi\Result))
#1 C:\Users\WORK\Documents\dika\ci4\stockmadu\system\CodeIgniter.php(832): App\Controllers\Home->index()
#2 C:\Users\WORK\Documents\dika\ci4\stockmadu\system\CodeIgniter.php(419): CodeIgniter\CodeIgniter->runController(Object(App\Controllers\Home))
#3 C:\Users\WORK\Documents\dika\ci4\stockmadu\system\CodeIgniter.php(326): CodeIgniter\CodeIgniter->handleRequest(NULL, Object(Config\Cache), false)
#4 C:\Users\WORK\Documents\dika\ci4\stockmadu\public\index.php(37): CodeIgniter\CodeIgniter->run()
#5 C:\Users\WORK\Documents\dika\ci4\stockmadu\system\Commands\Server\rewrite.php(43): require_once('C:\\Users\\WORK\\D...')
#6 {main}
CRITICAL - 2022-04-05 14:33:59 --> Cannot use object of type App\Entities\Product as array
#0 C:\Users\WORK\Documents\dika\ci4\stockmadu\system\CodeIgniter.php(832): App\Controllers\Home->index()
#1 C:\Users\WORK\Documents\dika\ci4\stockmadu\system\CodeIgniter.php(419): CodeIgniter\CodeIgniter->runController(Object(App\Controllers\Home))
#2 C:\Users\WORK\Documents\dika\ci4\stockmadu\system\CodeIgniter.php(326): CodeIgniter\CodeIgniter->handleRequest(NULL, Object(Config\Cache), false)
#3 C:\Users\WORK\Documents\dika\ci4\stockmadu\public\index.php(37): CodeIgniter\CodeIgniter->run()
#4 C:\Users\WORK\Documents\dika\ci4\stockmadu\system\Commands\Server\rewrite.php(43): require_once('C:\\Users\\WORK\\D...')
#5 {main}
CRITICAL - 2022-04-05 15:49:02 --> Call to undefined method App\Models\TransactionModel::getTransactionsPerMonth
#0 C:\Users\WORK\Documents\dika\ci4\stockmadu\app\Controllers\Home.php(77): CodeIgniter\Model->__call('getTransactions...', Array)
#1 C:\Users\WORK\Documents\dika\ci4\stockmadu\system\CodeIgniter.php(832): App\Controllers\Home->index()
#2 C:\Users\WORK\Documents\dika\ci4\stockmadu\system\CodeIgniter.php(419): CodeIgniter\CodeIgniter->runController(Object(App\Controllers\Home))
#3 C:\Users\WORK\Documents\dika\ci4\stockmadu\system\CodeIgniter.php(326): CodeIgniter\CodeIgniter->handleRequest(NULL, Object(Config\Cache), false)
#4 C:\Users\WORK\Documents\dika\ci4\stockmadu\public\index.php(37): CodeIgniter\CodeIgniter->run()
#5 C:\Users\WORK\Documents\dika\ci4\stockmadu\system\Commands\Server\rewrite.php(43): require_once('C:\\Users\\WORK\\D...')
#6 {main}
CRITICAL - 2022-04-05 15:51:27 --> array_push(): Argument #1 ($array) must be of type array, null given
#0 C:\Users\WORK\Documents\dika\ci4\stockmadu\app\Controllers\Home.php(31): array_push(NULL, Array)
#1 C:\Users\WORK\Documents\dika\ci4\stockmadu\system\CodeIgniter.php(832): App\Controllers\Home->index()
#2 C:\Users\WORK\Documents\dika\ci4\stockmadu\system\CodeIgniter.php(419): CodeIgniter\CodeIgniter->runController(Object(App\Controllers\Home))
#3 C:\Users\WORK\Documents\dika\ci4\stockmadu\system\CodeIgniter.php(326): CodeIgniter\CodeIgniter->handleRequest(NULL, Object(Config\Cache), false)
#4 C:\Users\WORK\Documents\dika\ci4\stockmadu\public\index.php(37): CodeIgniter\CodeIgniter->run()
#5 C:\Users\WORK\Documents\dika\ci4\stockmadu\system\Commands\Server\rewrite.php(43): require_once('C:\\Users\\WORK\\D...')
#6 {main}
CRITICAL - 2022-04-05 15:55:46 --> Attempt to read property "name" on array
#0 C:\Users\WORK\Documents\dika\ci4\stockmadu\app\Views\owner\index.php(281): CodeIgniter\Debug\Exceptions->errorHandler(2, 'Attempt to read...', 'C:\\Users\\WORK\\D...', 281)
#1 C:\Users\WORK\Documents\dika\ci4\stockmadu\system\View\View.php(210): include('C:\\Users\\WORK\\D...')
#2 C:\Users\WORK\Documents\dika\ci4\stockmadu\system\View\View.php(213): CodeIgniter\View\View->CodeIgniter\View\{closure}()
#3 C:\Users\WORK\Documents\dika\ci4\stockmadu\system\Common.php(1089): CodeIgniter\View\View->render('owner/index', Array, true)
#4 C:\Users\WORK\Documents\dika\ci4\stockmadu\app\Controllers\Home.php(39): view('owner/index', Array)
#5 C:\Users\WORK\Documents\dika\ci4\stockmadu\system\CodeIgniter.php(832): App\Controllers\Home->index()
#6 C:\Users\WORK\Documents\dika\ci4\stockmadu\system\CodeIgniter.php(419): CodeIgniter\CodeIgniter->runController(Object(App\Controllers\Home))
#7 C:\Users\WORK\Documents\dika\ci4\stockmadu\system\CodeIgniter.php(326): CodeIgniter\CodeIgniter->handleRequest(NULL, Object(Config\Cache), false)
#8 C:\Users\WORK\Documents\dika\ci4\stockmadu\public\index.php(37): CodeIgniter\CodeIgniter->run()
#9 C:\Users\WORK\Documents\dika\ci4\stockmadu\system\Commands\Server\rewrite.php(43): require_once('C:\\Users\\WORK\\D...')
#10 {main}
CRITICAL - 2022-04-05 15:57:11 --> Attempt to read property "name" on array
#0 C:\Users\WORK\Documents\dika\ci4\stockmadu\app\Views\owner\index.php(280): CodeIgniter\Debug\Exceptions->errorHandler(2, 'Attempt to read...', 'C:\\Users\\WORK\\D...', 280)
#1 C:\Users\WORK\Documents\dika\ci4\stockmadu\system\View\View.php(210): include('C:\\Users\\WORK\\D...')
#2 C:\Users\WORK\Documents\dika\ci4\stockmadu\system\View\View.php(213): CodeIgniter\View\View->CodeIgniter\View\{closure}()
#3 C:\Users\WORK\Documents\dika\ci4\stockmadu\system\Common.php(1089): CodeIgniter\View\View->render('owner/index', Array, true)
#4 C:\Users\WORK\Documents\dika\ci4\stockmadu\app\Controllers\Home.php(39): view('owner/index', Array)
#5 C:\Users\WORK\Documents\dika\ci4\stockmadu\system\CodeIgniter.php(832): App\Controllers\Home->index()
#6 C:\Users\WORK\Documents\dika\ci4\stockmadu\system\CodeIgniter.php(419): CodeIgniter\CodeIgniter->runController(Object(App\Controllers\Home))
#7 C:\Users\WORK\Documents\dika\ci4\stockmadu\system\CodeIgniter.php(326): CodeIgniter\CodeIgniter->handleRequest(NULL, Object(Config\Cache), false)
#8 C:\Users\WORK\Documents\dika\ci4\stockmadu\public\index.php(37): CodeIgniter\CodeIgniter->run()
#9 C:\Users\WORK\Documents\dika\ci4\stockmadu\system\Commands\Server\rewrite.php(43): require_once('C:\\Users\\WORK\\D...')
#10 {main}
CRITICAL - 2022-04-05 15:57:55 --> Attempt to read property "product_name" on array
#0 C:\Users\WORK\Documents\dika\ci4\stockmadu\app\Views\owner\index.php(279): CodeIgniter\Debug\Exceptions->errorHandler(2, 'Attempt to read...', 'C:\\Users\\WORK\\D...', 279)
#1 C:\Users\WORK\Documents\dika\ci4\stockmadu\system\View\View.php(210): include('C:\\Users\\WORK\\D...')
#2 C:\Users\WORK\Documents\dika\ci4\stockmadu\system\View\View.php(213): CodeIgniter\View\View->CodeIgniter\View\{closure}()
#3 C:\Users\WORK\Documents\dika\ci4\stockmadu\system\Common.php(1089): CodeIgniter\View\View->render('owner/index', Array, true)
#4 C:\Users\WORK\Documents\dika\ci4\stockmadu\app\Controllers\Home.php(39): view('owner/index', Array)
#5 C:\Users\WORK\Documents\dika\ci4\stockmadu\system\CodeIgniter.php(832): App\Controllers\Home->index()
#6 C:\Users\WORK\Documents\dika\ci4\stockmadu\system\CodeIgniter.php(419): CodeIgniter\CodeIgniter->runController(Object(App\Controllers\Home))
#7 C:\Users\WORK\Documents\dika\ci4\stockmadu\system\CodeIgniter.php(326): CodeIgniter\CodeIgniter->handleRequest(NULL, Object(Config\Cache), false)
#8 C:\Users\WORK\Documents\dika\ci4\stockmadu\public\index.php(37): CodeIgniter\CodeIgniter->run()
#9 C:\Users\WORK\Documents\dika\ci4\stockmadu\system\Commands\Server\rewrite.php(43): require_once('C:\\Users\\WORK\\D...')
#10 {main}
CRITICAL - 2022-04-05 16:14:29 --> Undefined array key "data"
#0 C:\Users\WORK\Documents\dika\ci4\stockmadu\app\Views\owner\index.php(264): CodeIgniter\Debug\Exceptions->errorHandler(2, 'Undefined array...', 'C:\\Users\\WORK\\D...', 264)
#1 C:\Users\WORK\Documents\dika\ci4\stockmadu\system\View\View.php(210): include('C:\\Users\\WORK\\D...')
#2 C:\Users\WORK\Documents\dika\ci4\stockmadu\system\View\View.php(213): CodeIgniter\View\View->CodeIgniter\View\{closure}()
#3 C:\Users\WORK\Documents\dika\ci4\stockmadu\system\Common.php(1089): CodeIgniter\View\View->render('owner/index', Array, true)
#4 C:\Users\WORK\Documents\dika\ci4\stockmadu\app\Controllers\Home.php(39): view('owner/index', Array)
#5 C:\Users\WORK\Documents\dika\ci4\stockmadu\system\CodeIgniter.php(832): App\Controllers\Home->index()
#6 C:\Users\WORK\Documents\dika\ci4\stockmadu\system\CodeIgniter.php(419): CodeIgniter\CodeIgniter->runController(Object(App\Controllers\Home))
#7 C:\Users\WORK\Documents\dika\ci4\stockmadu\system\CodeIgniter.php(326): CodeIgniter\CodeIgniter->handleRequest(NULL, Object(Config\Cache), false)
#8 C:\Users\WORK\Documents\dika\ci4\stockmadu\public\index.php(37): CodeIgniter\CodeIgniter->run()
#9 C:\Users\WORK\Documents\dika\ci4\stockmadu\system\Commands\Server\rewrite.php(43): require_once('C:\\Users\\WORK\\D...')
#10 {main}
CRITICAL - 2022-04-05 16:14:34 --> Attempt to read property "data" on array
#0 C:\Users\WORK\Documents\dika\ci4\stockmadu\app\Views\owner\index.php(264): CodeIgniter\Debug\Exceptions->errorHandler(2, 'Attempt to read...', 'C:\\Users\\WORK\\D...', 264)
#1 C:\Users\WORK\Documents\dika\ci4\stockmadu\system\View\View.php(210): include('C:\\Users\\WORK\\D...')
#2 C:\Users\WORK\Documents\dika\ci4\stockmadu\system\View\View.php(213): CodeIgniter\View\View->CodeIgniter\View\{closure}()
#3 C:\Users\WORK\Documents\dika\ci4\stockmadu\system\Common.php(1089): CodeIgniter\View\View->render('owner/index', Array, true)
#4 C:\Users\WORK\Documents\dika\ci4\stockmadu\app\Controllers\Home.php(39): view('owner/index', Array)
#5 C:\Users\WORK\Documents\dika\ci4\stockmadu\system\CodeIgniter.php(832): App\Controllers\Home->index()
#6 C:\Users\WORK\Documents\dika\ci4\stockmadu\system\CodeIgniter.php(419): CodeIgniter\CodeIgniter->runController(Object(App\Controllers\Home))
#7 C:\Users\WORK\Documents\dika\ci4\stockmadu\system\CodeIgniter.php(326): CodeIgniter\CodeIgniter->handleRequest(NULL, Object(Config\Cache), false)
#8 C:\Users\WORK\Documents\dika\ci4\stockmadu\public\index.php(37): CodeIgniter\CodeIgniter->run()
#9 C:\Users\WORK\Documents\dika\ci4\stockmadu\system\Commands\Server\rewrite.php(43): require_once('C:\\Users\\WORK\\D...')
#10 {main}
CRITICAL - 2022-04-05 16:16:08 --> Undefined array key "apr"
#0 C:\Users\WORK\Documents\dika\ci4\stockmadu\app\Views\owner\index.php(272): CodeIgniter\Debug\Exceptions->errorHandler(2, 'Undefined array...', 'C:\\Users\\WORK\\D...', 272)
#1 C:\Users\WORK\Documents\dika\ci4\stockmadu\system\View\View.php(210): include('C:\\Users\\WORK\\D...')
#2 C:\Users\WORK\Documents\dika\ci4\stockmadu\system\View\View.php(213): CodeIgniter\View\View->CodeIgniter\View\{closure}()
#3 C:\Users\WORK\Documents\dika\ci4\stockmadu\system\Common.php(1089): CodeIgniter\View\View->render('owner/index', Array, true)
#4 C:\Users\WORK\Documents\dika\ci4\stockmadu\app\Controllers\Home.php(39): view('owner/index', Array)
#5 C:\Users\WORK\Documents\dika\ci4\stockmadu\system\CodeIgniter.php(832): App\Controllers\Home->index()
#6 C:\Users\WORK\Documents\dika\ci4\stockmadu\system\CodeIgniter.php(419): CodeIgniter\CodeIgniter->runController(Object(App\Controllers\Home))
#7 C:\Users\WORK\Documents\dika\ci4\stockmadu\system\CodeIgniter.php(326): CodeIgniter\CodeIgniter->handleRequest(NULL, Object(Config\Cache), false)
#8 C:\Users\WORK\Documents\dika\ci4\stockmadu\public\index.php(37): CodeIgniter\CodeIgniter->run()
#9 C:\Users\WORK\Documents\dika\ci4\stockmadu\system\Commands\Server\rewrite.php(43): require_once('C:\\Users\\WORK\\D...')
#10 {main}
CRITICAL - 2022-04-05 16:18:01 --> Undefined array key "apr"
#0 C:\Users\WORK\Documents\dika\ci4\stockmadu\app\Views\owner\index.php(272): CodeIgniter\Debug\Exceptions->errorHandler(2, 'Undefined array...', 'C:\\Users\\WORK\\D...', 272)
#1 C:\Users\WORK\Documents\dika\ci4\stockmadu\system\View\View.php(210): include('C:\\Users\\WORK\\D...')
#2 C:\Users\WORK\Documents\dika\ci4\stockmadu\system\View\View.php(213): CodeIgniter\View\View->CodeIgniter\View\{closure}()
#3 C:\Users\WORK\Documents\dika\ci4\stockmadu\system\Common.php(1089): CodeIgniter\View\View->render('owner/index', Array, true)
#4 C:\Users\WORK\Documents\dika\ci4\stockmadu\app\Controllers\Home.php(39): view('owner/index', Array)
#5 C:\Users\WORK\Documents\dika\ci4\stockmadu\system\CodeIgniter.php(832): App\Controllers\Home->index()
#6 C:\Users\WORK\Documents\dika\ci4\stockmadu\system\CodeIgniter.php(419): CodeIgniter\CodeIgniter->runController(Object(App\Controllers\Home))
#7 C:\Users\WORK\Documents\dika\ci4\stockmadu\system\CodeIgniter.php(326): CodeIgniter\CodeIgniter->handleRequest(NULL, Object(Config\Cache), false)
#8 C:\Users\WORK\Documents\dika\ci4\stockmadu\public\index.php(37): CodeIgniter\CodeIgniter->run()
#9 C:\Users\WORK\Documents\dika\ci4\stockmadu\system\Commands\Server\rewrite.php(43): require_once('C:\\Users\\WORK\\D...')
#10 {main}
CRITICAL - 2022-04-05 16:18:48 --> Undefined array key "apr"
#0 C:\Users\WORK\Documents\dika\ci4\stockmadu\app\Views\owner\index.php(272): CodeIgniter\Debug\Exceptions->errorHandler(2, 'Undefined array...', 'C:\\Users\\WORK\\D...', 272)
#1 C:\Users\WORK\Documents\dika\ci4\stockmadu\system\View\View.php(210): include('C:\\Users\\WORK\\D...')
#2 C:\Users\WORK\Documents\dika\ci4\stockmadu\system\View\View.php(213): CodeIgniter\View\View->CodeIgniter\View\{closure}()
#3 C:\Users\WORK\Documents\dika\ci4\stockmadu\system\Common.php(1089): CodeIgniter\View\View->render('owner/index', Array, true)
#4 C:\Users\WORK\Documents\dika\ci4\stockmadu\app\Controllers\Home.php(39): view('owner/index', Array)
#5 C:\Users\WORK\Documents\dika\ci4\stockmadu\system\CodeIgniter.php(832): App\Controllers\Home->index()
#6 C:\Users\WORK\Documents\dika\ci4\stockmadu\system\CodeIgniter.php(419): CodeIgniter\CodeIgniter->runController(Object(App\Controllers\Home))
#7 C:\Users\WORK\Documents\dika\ci4\stockmadu\system\CodeIgniter.php(326): CodeIgniter\CodeIgniter->handleRequest(NULL, Object(Config\Cache), false)
#8 C:\Users\WORK\Documents\dika\ci4\stockmadu\public\index.php(37): CodeIgniter\CodeIgniter->run()
#9 C:\Users\WORK\Documents\dika\ci4\stockmadu\system\Commands\Server\rewrite.php(43): require_once('C:\\Users\\WORK\\D...')
#10 {main}
CRITICAL - 2022-04-05 16:20:41 --> Call to undefined function App\Models\int()
#0 C:\Users\WORK\Documents\dika\ci4\stockmadu\app\Controllers\Home.php(32): App\Models\TransactionModel->getTransactionsPerMonth('1', '2022')
#1 C:\Users\WORK\Documents\dika\ci4\stockmadu\system\CodeIgniter.php(832): App\Controllers\Home->index()
#2 C:\Users\WORK\Documents\dika\ci4\stockmadu\system\CodeIgniter.php(419): CodeIgniter\CodeIgniter->runController(Object(App\Controllers\Home))
#3 C:\Users\WORK\Documents\dika\ci4\stockmadu\system\CodeIgniter.php(326): CodeIgniter\CodeIgniter->handleRequest(NULL, Object(Config\Cache), false)
#4 C:\Users\WORK\Documents\dika\ci4\stockmadu\public\index.php(37): CodeIgniter\CodeIgniter->run()
#5 C:\Users\WORK\Documents\dika\ci4\stockmadu\system\Commands\Server\rewrite.php(43): require_once('C:\\Users\\WORK\\D...')
#6 {main}
CRITICAL - 2022-04-05 18:14:29 --> Undefined property: CodeIgniter\View\View::$request
#0 C:\Users\WORK\Documents\dika\ci4\stockmadu\app\Views\owner\index.php(98): CodeIgniter\Debug\Exceptions->errorHandler(2, 'Undefined prope...', 'C:\\Users\\WORK\\D...', 98)
#1 C:\Users\WORK\Documents\dika\ci4\stockmadu\system\View\View.php(210): include('C:\\Users\\WORK\\D...')
#2 C:\Users\WORK\Documents\dika\ci4\stockmadu\system\View\View.php(213): CodeIgniter\View\View->CodeIgniter\View\{closure}()
#3 C:\Users\WORK\Documents\dika\ci4\stockmadu\system\Common.php(1089): CodeIgniter\View\View->render('owner/index', Array, true)
#4 C:\Users\WORK\Documents\dika\ci4\stockmadu\app\Controllers\Home.php(41): view('owner/index', Array)
#5 C:\Users\WORK\Documents\dika\ci4\stockmadu\system\CodeIgniter.php(832): App\Controllers\Home->index()
#6 C:\Users\WORK\Documents\dika\ci4\stockmadu\system\CodeIgniter.php(419): CodeIgniter\CodeIgniter->runController(Object(App\Controllers\Home))
#7 C:\Users\WORK\Documents\dika\ci4\stockmadu\system\CodeIgniter.php(326): CodeIgniter\CodeIgniter->handleRequest(NULL, Object(Config\Cache), false)
#8 C:\Users\WORK\Documents\dika\ci4\stockmadu\public\index.php(37): CodeIgniter\CodeIgniter->run()
#9 C:\Users\WORK\Documents\dika\ci4\stockmadu\system\Commands\Server\rewrite.php(43): require_once('C:\\Users\\WORK\\D...')
#10 {main}
ERROR - 2022-04-05 21:28:12 --> Unknown column 'outlets.id' in 'on clause'
CRITICAL - 2022-04-05 21:28:12 --> Unknown column 'outlets.id' in 'on clause'
#0 D:\MainFolder\ci4\stockmadu\system\Database\MySQLi\Connection.php(292): mysqli->query('SELECT *\nFROM `...', 0)
#1 D:\MainFolder\ci4\stockmadu\system\Database\BaseConnection.php(670): CodeIgniter\Database\MySQLi\Connection->execute('SELECT *\nFROM `...')
#2 D:\MainFolder\ci4\stockmadu\system\Database\BaseConnection.php(598): CodeIgniter\Database\BaseConnection->simpleQuery('SELECT *\nFROM `...')
#3 D:\MainFolder\ci4\stockmadu\system\Database\BaseBuilder.php(1455): CodeIgniter\Database\BaseConnection->query('SELECT *\nFROM `...', Array, false)
#4 D:\MainFolder\ci4\stockmadu\system\Model.php(183): CodeIgniter\Database\BaseBuilder->get()
#5 D:\MainFolder\ci4\stockmadu\system\BaseModel.php(584): CodeIgniter\Model->doFindAll(0, 0)
#6 D:\MainFolder\ci4\stockmadu\app\Controllers\Home.php(38): CodeIgniter\BaseModel->findAll()
#7 D:\MainFolder\ci4\stockmadu\system\CodeIgniter.php(832): App\Controllers\Home->index()
#8 D:\MainFolder\ci4\stockmadu\system\CodeIgniter.php(419): CodeIgniter\CodeIgniter->runController(Object(App\Controllers\Home))
#9 D:\MainFolder\ci4\stockmadu\system\CodeIgniter.php(326): CodeIgniter\CodeIgniter->handleRequest(NULL, Object(Config\Cache), false)
#10 D:\MainFolder\ci4\stockmadu\public\index.php(37): CodeIgniter\CodeIgniter->run()
#11 D:\MainFolder\ci4\stockmadu\system\Commands\Server\rewrite.php(43): require_once('D:\\MainFolder\\c...')
#12 {main}
CRITICAL - 2022-04-05 21:31:02 --> Call to a member function get() on array
#0 D:\MainFolder\ci4\stockmadu\system\CodeIgniter.php(832): App\Controllers\Home->index()
#1 D:\MainFolder\ci4\stockmadu\system\CodeIgniter.php(419): CodeIgniter\CodeIgniter->runController(Object(App\Controllers\Home))
#2 D:\MainFolder\ci4\stockmadu\system\CodeIgniter.php(326): CodeIgniter\CodeIgniter->handleRequest(NULL, Object(Config\Cache), false)
#3 D:\MainFolder\ci4\stockmadu\public\index.php(37): CodeIgniter\CodeIgniter->run()
#4 D:\MainFolder\ci4\stockmadu\system\Commands\Server\rewrite.php(43): require_once('D:\\MainFolder\\c...')
#5 {main}
ERROR - 2022-04-05 21:47:50 --> You have an error in your SQL syntax; check the manual that corresponds to your MariaDB server version for the right syntax to use near ' COUNT(count)
FROM `transactions`
WHERE `outlet_id` = 1
AND `count` < 0' at line 1
CRITICAL - 2022-04-05 21:47:50 --> You have an error in your SQL syntax; check the manual that corresponds to your MariaDB server version for the right syntax to use near ' COUNT(count)
FROM `transactions`
WHERE `outlet_id` = 1
AND `count` < 0' at line 1
#0 D:\MainFolder\ci4\stockmadu\system\Database\MySQLi\Connection.php(292): mysqli->query('SELECT `SELECT`...', 0)
#1 D:\MainFolder\ci4\stockmadu\system\Database\BaseConnection.php(670): CodeIgniter\Database\MySQLi\Connection->execute('SELECT `SELECT`...')
#2 D:\MainFolder\ci4\stockmadu\system\Database\BaseConnection.php(598): CodeIgniter\Database\BaseConnection->simpleQuery('SELECT `SELECT`...')
#3 D:\MainFolder\ci4\stockmadu\system\Database\BaseBuilder.php(1455): CodeIgniter\Database\BaseConnection->query('SELECT `SELECT`...', Array, false)
#4 D:\MainFolder\ci4\stockmadu\system\Model.php(183): CodeIgniter\Database\BaseBuilder->get()
#5 D:\MainFolder\ci4\stockmadu\system\BaseModel.php(584): CodeIgniter\Model->doFindAll(0, 0)
#6 D:\MainFolder\ci4\stockmadu\app\Controllers\Home.php(40): CodeIgniter\BaseModel->findAll()
#7 D:\MainFolder\ci4\stockmadu\system\CodeIgniter.php(832): App\Controllers\Home->index()
#8 D:\MainFolder\ci4\stockmadu\system\CodeIgniter.php(419): CodeIgniter\CodeIgniter->runController(Object(App\Controllers\Home))
#9 D:\MainFolder\ci4\stockmadu\system\CodeIgniter.php(326): CodeIgniter\CodeIgniter->handleRequest(NULL, Object(Config\Cache), false)
#10 D:\MainFolder\ci4\stockmadu\public\index.php(37): CodeIgniter\CodeIgniter->run()
#11 D:\MainFolder\ci4\stockmadu\system\Commands\Server\rewrite.php(43): require_once('D:\\MainFolder\\c...')
#12 {main}
ERROR - 2022-04-05 21:48:06 --> You have an error in your SQL syntax; check the manual that corresponds to your MariaDB server version for the right syntax to use near ' COUNT('count')
FROM `transactions`
WHERE `outlet_id` = 1
AND `count` < 0' at line 1
CRITICAL - 2022-04-05 21:48:06 --> You have an error in your SQL syntax; check the manual that corresponds to your MariaDB server version for the right syntax to use near ' COUNT('count')
FROM `transactions`
WHERE `outlet_id` = 1
AND `count` < 0' at line 1
#0 D:\MainFolder\ci4\stockmadu\system\Database\MySQLi\Connection.php(292): mysqli->query('SELECT `SELECT`...', 0)
#1 D:\MainFolder\ci4\stockmadu\system\Database\BaseConnection.php(670): CodeIgniter\Database\MySQLi\Connection->execute('SELECT `SELECT`...')
#2 D:\MainFolder\ci4\stockmadu\system\Database\BaseConnection.php(598): CodeIgniter\Database\BaseConnection->simpleQuery('SELECT `SELECT`...')
#3 D:\MainFolder\ci4\stockmadu\system\Database\BaseBuilder.php(1455): CodeIgniter\Database\BaseConnection->query('SELECT `SELECT`...', Array, false)
#4 D:\MainFolder\ci4\stockmadu\system\Model.php(183): CodeIgniter\Database\BaseBuilder->get()
#5 D:\MainFolder\ci4\stockmadu\system\BaseModel.php(584): CodeIgniter\Model->doFindAll(0, 0)
#6 D:\MainFolder\ci4\stockmadu\app\Controllers\Home.php(40): CodeIgniter\BaseModel->findAll()
#7 D:\MainFolder\ci4\stockmadu\system\CodeIgniter.php(832): App\Controllers\Home->index()
#8 D:\MainFolder\ci4\stockmadu\system\CodeIgniter.php(419): CodeIgniter\CodeIgniter->runController(Object(App\Controllers\Home))
#9 D:\MainFolder\ci4\stockmadu\system\CodeIgniter.php(326): CodeIgniter\CodeIgniter->handleRequest(NULL, Object(Config\Cache), false)
#10 D:\MainFolder\ci4\stockmadu\public\index.php(37): CodeIgniter\CodeIgniter->run()
#11 D:\MainFolder\ci4\stockmadu\system\Commands\Server\rewrite.php(43): require_once('D:\\MainFolder\\c...')
#12 {main}
ERROR - 2022-04-05 21:48:17 --> You have an error in your SQL syntax; check the manual that corresponds to your MariaDB server version for the right syntax to use near ' SUM('count')
FROM `transactions`
WHERE `outlet_id` = 1
AND `count` < 0' at line 1
CRITICAL - 2022-04-05 21:48:17 --> You have an error in your SQL syntax; check the manual that corresponds to your MariaDB server version for the right syntax to use near ' SUM('count')
FROM `transactions`
WHERE `outlet_id` = 1
AND `count` < 0' at line 1
#0 D:\MainFolder\ci4\stockmadu\system\Database\MySQLi\Connection.php(292): mysqli->query('SELECT `SELECT`...', 0)
#1 D:\MainFolder\ci4\stockmadu\system\Database\BaseConnection.php(670): CodeIgniter\Database\MySQLi\Connection->execute('SELECT `SELECT`...')
#2 D:\MainFolder\ci4\stockmadu\system\Database\BaseConnection.php(598): CodeIgniter\Database\BaseConnection->simpleQuery('SELECT `SELECT`...')
#3 D:\MainFolder\ci4\stockmadu\system\Database\BaseBuilder.php(1455): CodeIgniter\Database\BaseConnection->query('SELECT `SELECT`...', Array, false)
#4 D:\MainFolder\ci4\stockmadu\system\Model.php(183): CodeIgniter\Database\BaseBuilder->get()
#5 D:\MainFolder\ci4\stockmadu\system\BaseModel.php(584): CodeIgniter\Model->doFindAll(0, 0)
#6 D:\MainFolder\ci4\stockmadu\app\Controllers\Home.php(40): CodeIgniter\BaseModel->findAll()
#7 D:\MainFolder\ci4\stockmadu\system\CodeIgniter.php(832): App\Controllers\Home->index()
#8 D:\MainFolder\ci4\stockmadu\system\CodeIgniter.php(419): CodeIgniter\CodeIgniter->runController(Object(App\Controllers\Home))
#9 D:\MainFolder\ci4\stockmadu\system\CodeIgniter.php(326): CodeIgniter\CodeIgniter->handleRequest(NULL, Object(Config\Cache), false)
#10 D:\MainFolder\ci4\stockmadu\public\index.php(37): CodeIgniter\CodeIgniter->run()
#11 D:\MainFolder\ci4\stockmadu\system\Commands\Server\rewrite.php(43): require_once('D:\\MainFolder\\c...')
#12 {main}
ERROR - 2022-04-05 21:48:28 --> You have an error in your SQL syntax; check the manual that corresponds to your MariaDB server version for the right syntax to use near ' SUM(count)
FROM `transactions`
WHERE `outlet_id` = 1
AND `count` < 0' at line 1
CRITICAL - 2022-04-05 21:48:28 --> You have an error in your SQL syntax; check the manual that corresponds to your MariaDB server version for the right syntax to use near ' SUM(count)
FROM `transactions`
WHERE `outlet_id` = 1
AND `count` < 0' at line 1
#0 D:\MainFolder\ci4\stockmadu\system\Database\MySQLi\Connection.php(292): mysqli->query('SELECT `SELECT`...', 0)
#1 D:\MainFolder\ci4\stockmadu\system\Database\BaseConnection.php(670): CodeIgniter\Database\MySQLi\Connection->execute('SELECT `SELECT`...')
#2 D:\MainFolder\ci4\stockmadu\system\Database\BaseConnection.php(598): CodeIgniter\Database\BaseConnection->simpleQuery('SELECT `SELECT`...')
#3 D:\MainFolder\ci4\stockmadu\system\Database\BaseBuilder.php(1455): CodeIgniter\Database\BaseConnection->query('SELECT `SELECT`...', Array, false)
#4 D:\MainFolder\ci4\stockmadu\system\Model.php(183): CodeIgniter\Database\BaseBuilder->get()
#5 D:\MainFolder\ci4\stockmadu\system\BaseModel.php(584): CodeIgniter\Model->doFindAll(0, 0)
#6 D:\MainFolder\ci4\stockmadu\app\Controllers\Home.php(40): CodeIgniter\BaseModel->findAll()
#7 D:\MainFolder\ci4\stockmadu\system\CodeIgniter.php(832): App\Controllers\Home->index()
#8 D:\MainFolder\ci4\stockmadu\system\CodeIgniter.php(419): CodeIgniter\CodeIgniter->runController(Object(App\Controllers\Home))
#9 D:\MainFolder\ci4\stockmadu\system\CodeIgniter.php(326): CodeIgniter\CodeIgniter->handleRequest(NULL, Object(Config\Cache), false)
#10 D:\MainFolder\ci4\stockmadu\public\index.php(37): CodeIgniter\CodeIgniter->run()
#11 D:\MainFolder\ci4\stockmadu\system\Commands\Server\rewrite.php(43): require_once('D:\\MainFolder\\c...')
#12 {main}
ERROR - 2022-04-05 21:48:59 --> You have an error in your SQL syntax; check the manual that corresponds to your MariaDB server version for the right syntax to use near 'SELECT SUM(count)
FROM `transactions`
WHERE `outlet_id` = 1
AND `count` < 0' at line 1
CRITICAL - 2022-04-05 21:48:59 --> You have an error in your SQL syntax; check the manual that corresponds to your MariaDB server version for the right syntax to use near 'SELECT SUM(count)
FROM `transactions`
WHERE `outlet_id` = 1
AND `count` < 0' at line 1
#0 D:\MainFolder\ci4\stockmadu\system\Database\MySQLi\Connection.php(292): mysqli->query('SELECT SELECT S...', 0)
#1 D:\MainFolder\ci4\stockmadu\system\Database\BaseConnection.php(670): CodeIgniter\Database\MySQLi\Connection->execute('SELECT SELECT S...')
#2 D:\MainFolder\ci4\stockmadu\system\Database\BaseConnection.php(598): CodeIgniter\Database\BaseConnection->simpleQuery('SELECT SELECT S...')
#3 D:\MainFolder\ci4\stockmadu\system\Database\BaseBuilder.php(1455): CodeIgniter\Database\BaseConnection->query('SELECT SELECT S...', Array, false)
#4 D:\MainFolder\ci4\stockmadu\system\Model.php(183): CodeIgniter\Database\BaseBuilder->get()
#5 D:\MainFolder\ci4\stockmadu\system\BaseModel.php(584): CodeIgniter\Model->doFindAll(0, 0)
#6 D:\MainFolder\ci4\stockmadu\app\Controllers\Home.php(40): CodeIgniter\BaseModel->findAll()
#7 D:\MainFolder\ci4\stockmadu\system\CodeIgniter.php(832): App\Controllers\Home->index()
#8 D:\MainFolder\ci4\stockmadu\system\CodeIgniter.php(419): CodeIgniter\CodeIgniter->runController(Object(App\Controllers\Home))
#9 D:\MainFolder\ci4\stockmadu\system\CodeIgniter.php(326): CodeIgniter\CodeIgniter->handleRequest(NULL, Object(Config\Cache), false)
#10 D:\MainFolder\ci4\stockmadu\public\index.php(37): CodeIgniter\CodeIgniter->run()
#11 D:\MainFolder\ci4\stockmadu\system\Commands\Server\rewrite.php(43): require_once('D:\\MainFolder\\c...')
#12 {main}
ERROR - 2022-04-05 21:49:20 --> You have an error in your SQL syntax; check the manual that corresponds to your MariaDB server version for the right syntax to use near 'SELECT SUM(id)
FROM `transactions`
WHERE `outlet_id` = 1
AND `count` < 0' at line 1
CRITICAL - 2022-04-05 21:49:20 --> You have an error in your SQL syntax; check the manual that corresponds to your MariaDB server version for the right syntax to use near 'SELECT SUM(id)
FROM `transactions`
WHERE `outlet_id` = 1
AND `count` < 0' at line 1
#0 D:\MainFolder\ci4\stockmadu\system\Database\MySQLi\Connection.php(292): mysqli->query('SELECT SELECT S...', 0)
#1 D:\MainFolder\ci4\stockmadu\system\Database\BaseConnection.php(670): CodeIgniter\Database\MySQLi\Connection->execute('SELECT SELECT S...')
#2 D:\MainFolder\ci4\stockmadu\system\Database\BaseConnection.php(598): CodeIgniter\Database\BaseConnection->simpleQuery('SELECT SELECT S...')
#3 D:\MainFolder\ci4\stockmadu\system\Database\BaseBuilder.php(1455): CodeIgniter\Database\BaseConnection->query('SELECT SELECT S...', Array, false)
#4 D:\MainFolder\ci4\stockmadu\system\Model.php(183): CodeIgniter\Database\BaseBuilder->get()
#5 D:\MainFolder\ci4\stockmadu\system\BaseModel.php(584): CodeIgniter\Model->doFindAll(0, 0)
#6 D:\MainFolder\ci4\stockmadu\app\Controllers\Home.php(40): CodeIgniter\BaseModel->findAll()
#7 D:\MainFolder\ci4\stockmadu\system\CodeIgniter.php(832): App\Controllers\Home->index()
#8 D:\MainFolder\ci4\stockmadu\system\CodeIgniter.php(419): CodeIgniter\CodeIgniter->runController(Object(App\Controllers\Home))
#9 D:\MainFolder\ci4\stockmadu\system\CodeIgniter.php(326): CodeIgniter\CodeIgniter->handleRequest(NULL, Object(Config\Cache), false)
#10 D:\MainFolder\ci4\stockmadu\public\index.php(37): CodeIgniter\CodeIgniter->run()
#11 D:\MainFolder\ci4\stockmadu\system\Commands\Server\rewrite.php(43): require_once('D:\\MainFolder\\c...')
#12 {main}
ERROR - 2022-04-05 21:49:57 --> You have an error in your SQL syntax; check the manual that corresponds to your MariaDB server version for the right syntax to use near 'SELECT SUM(outlet_id)
FROM `transactions`
WHERE `outlet_id` = 1
AND `count` < 0' at line 1
CRITICAL - 2022-04-05 21:49:57 --> You have an error in your SQL syntax; check the manual that corresponds to your MariaDB server version for the right syntax to use near 'SELECT SUM(outlet_id)
FROM `transactions`
WHERE `outlet_id` = 1
AND `count` < 0' at line 1
#0 D:\MainFolder\ci4\stockmadu\system\Database\MySQLi\Connection.php(292): mysqli->query('SELECT SELECT S...', 0)
#1 D:\MainFolder\ci4\stockmadu\system\Database\BaseConnection.php(670): CodeIgniter\Database\MySQLi\Connection->execute('SELECT SELECT S...')
#2 D:\MainFolder\ci4\stockmadu\system\Database\BaseConnection.php(598): CodeIgniter\Database\BaseConnection->simpleQuery('SELECT SELECT S...')
#3 D:\MainFolder\ci4\stockmadu\system\Database\BaseBuilder.php(1455): CodeIgniter\Database\BaseConnection->query('SELECT SELECT S...', Array, false)
#4 D:\MainFolder\ci4\stockmadu\system\Model.php(183): CodeIgniter\Database\BaseBuilder->get()
#5 D:\MainFolder\ci4\stockmadu\system\BaseModel.php(584): CodeIgniter\Model->doFindAll(0, 0)
#6 D:\MainFolder\ci4\stockmadu\app\Controllers\Home.php(40): CodeIgniter\BaseModel->findAll()
#7 D:\MainFolder\ci4\stockmadu\system\CodeIgniter.php(832): App\Controllers\Home->index()
#8 D:\MainFolder\ci4\stockmadu\system\CodeIgniter.php(419): CodeIgniter\CodeIgniter->runController(Object(App\Controllers\Home))
#9 D:\MainFolder\ci4\stockmadu\system\CodeIgniter.php(326): CodeIgniter\CodeIgniter->handleRequest(NULL, Object(Config\Cache), false)
#10 D:\MainFolder\ci4\stockmadu\public\index.php(37): CodeIgniter\CodeIgniter->run()
#11 D:\MainFolder\ci4\stockmadu\system\Commands\Server\rewrite.php(43): require_once('D:\\MainFolder\\c...')
#12 {main}
ERROR - 2022-04-05 22:26:23 --> Unknown column 'users.name' in 'field list'
CRITICAL - 2022-04-05 22:26:23 --> Unknown column 'users.name' in 'field list'
#0 D:\MainFolder\ci4\stockmadu\system\Database\MySQLi\Connection.php(292): mysqli->query('SELECT *, `user...', 0)
#1 D:\MainFolder\ci4\stockmadu\system\Database\BaseConnection.php(670): CodeIgniter\Database\MySQLi\Connection->execute('SELECT *, `user...')
#2 D:\MainFolder\ci4\stockmadu\system\Database\BaseConnection.php(598): CodeIgniter\Database\BaseConnection->simpleQuery('SELECT *, `user...')
#3 D:\MainFolder\ci4\stockmadu\system\Database\BaseBuilder.php(1455): CodeIgniter\Database\BaseConnection->query('SELECT *, `user...', Array, false)
#4 D:\MainFolder\ci4\stockmadu\system\Model.php(183): CodeIgniter\Database\BaseBuilder->get()
#5 D:\MainFolder\ci4\stockmadu\system\BaseModel.php(584): CodeIgniter\Model->doFindAll(0, 0)
#6 D:\MainFolder\ci4\stockmadu\app\Controllers\Home.php(40): CodeIgniter\BaseModel->findAll()
#7 D:\MainFolder\ci4\stockmadu\system\CodeIgniter.php(832): App\Controllers\Home->index()
#8 D:\MainFolder\ci4\stockmadu\system\CodeIgniter.php(419): CodeIgniter\CodeIgniter->runController(Object(App\Controllers\Home))
#9 D:\MainFolder\ci4\stockmadu\system\CodeIgniter.php(326): CodeIgniter\CodeIgniter->handleRequest(NULL, Object(Config\Cache), false)
#10 D:\MainFolder\ci4\stockmadu\public\index.php(37): CodeIgniter\CodeIgniter->run()
#11 D:\MainFolder\ci4\stockmadu\system\Commands\Server\rewrite.php(43): require_once('D:\\MainFolder\\c...')
#12 {main}
CRITICAL - 2022-04-05 22:38:06 --> Call to undefined method App\Models\TransactionModel::findFirst
#0 D:\MainFolder\ci4\stockmadu\app\Controllers\Home.php(50): CodeIgniter\Model->__call('findFirst', Array)
#1 D:\MainFolder\ci4\stockmadu\system\CodeIgniter.php(832): App\Controllers\Home->index()
#2 D:\MainFolder\ci4\stockmadu\system\CodeIgniter.php(419): CodeIgniter\CodeIgniter->runController(Object(App\Controllers\Home))
#3 D:\MainFolder\ci4\stockmadu\system\CodeIgniter.php(326): CodeIgniter\CodeIgniter->handleRequest(NULL, Object(Config\Cache), false)
#4 D:\MainFolder\ci4\stockmadu\public\index.php(37): CodeIgniter\CodeIgniter->run()
#5 D:\MainFolder\ci4\stockmadu\system\Commands\Server\rewrite.php(43): require_once('D:\\MainFolder\\c...')
#6 {main}
ERROR - 2022-04-05 22:45:37 --> Unknown table 'stockmadu.t'
CRITICAL - 2022-04-05 22:45:37 --> Unknown table 'stockmadu.t'
#0 D:\MainFolder\ci4\stockmadu\system\Database\MySQLi\Connection.php(292): mysqli->query('SELECT `t`.*, `...', 0)
#1 D:\MainFolder\ci4\stockmadu\system\Database\BaseConnection.php(670): CodeIgniter\Database\MySQLi\Connection->execute('SELECT `t`.*, `...')
#2 D:\MainFolder\ci4\stockmadu\system\Database\BaseConnection.php(598): CodeIgniter\Database\BaseConnection->simpleQuery('SELECT `t`.*, `...')
#3 D:\MainFolder\ci4\stockmadu\system\Database\BaseBuilder.php(1455): CodeIgniter\Database\BaseConnection->query('SELECT `t`.*, `...', Array, false)
#4 D:\MainFolder\ci4\stockmadu\system\Model.php(183): CodeIgniter\Database\BaseBuilder->get()
#5 D:\MainFolder\ci4\stockmadu\system\BaseModel.php(584): CodeIgniter\Model->doFindAll(0, 0)
#6 D:\MainFolder\ci4\stockmadu\app\Controllers\Home.php(40): CodeIgniter\BaseModel->findAll()
#7 D:\MainFolder\ci4\stockmadu\system\CodeIgniter.php(832): App\Controllers\Home->index()
#8 D:\MainFolder\ci4\stockmadu\system\CodeIgniter.php(419): CodeIgniter\CodeIgniter->runController(Object(App\Controllers\Home))
#9 D:\MainFolder\ci4\stockmadu\system\CodeIgniter.php(326): CodeIgniter\CodeIgniter->handleRequest(NULL, Object(Config\Cache), false)
#10 D:\MainFolder\ci4\stockmadu\public\index.php(37): CodeIgniter\CodeIgniter->run()
#11 D:\MainFolder\ci4\stockmadu\system\Commands\Server\rewrite.php(43): require_once('D:\\MainFolder\\c...')
#12 {main}
ERROR - 2022-04-05 22:46:01 --> Unknown table 'stockmadu.t'
CRITICAL - 2022-04-05 22:46:01 --> Unknown table 'stockmadu.t'
#0 D:\MainFolder\ci4\stockmadu\system\Database\MySQLi\Connection.php(292): mysqli->query('SELECT `t`.*, `...', 0)
#1 D:\MainFolder\ci4\stockmadu\system\Database\BaseConnection.php(670): CodeIgniter\Database\MySQLi\Connection->execute('SELECT `t`.*, `...')
#2 D:\MainFolder\ci4\stockmadu\system\Database\BaseConnection.php(598): CodeIgniter\Database\BaseConnection->simpleQuery('SELECT `t`.*, `...')
#3 D:\MainFolder\ci4\stockmadu\system\Database\BaseBuilder.php(1455): CodeIgniter\Database\BaseConnection->query('SELECT `t`.*, `...', Array, false)
#4 D:\MainFolder\ci4\stockmadu\system\Model.php(183): CodeIgniter\Database\BaseBuilder->get()
#5 D:\MainFolder\ci4\stockmadu\system\BaseModel.php(584): CodeIgniter\Model->doFindAll(0, 0)
#6 D:\MainFolder\ci4\stockmadu\app\Controllers\Home.php(40): CodeIgniter\BaseModel->findAll()
#7 D:\MainFolder\ci4\stockmadu\system\CodeIgniter.php(832): App\Controllers\Home->index()
#8 D:\MainFolder\ci4\stockmadu\system\CodeIgniter.php(419): CodeIgniter\CodeIgniter->runController(Object(App\Controllers\Home))
#9 D:\MainFolder\ci4\stockmadu\system\CodeIgniter.php(326): CodeIgniter\CodeIgniter->handleRequest(NULL, Object(Config\Cache), false)
#10 D:\MainFolder\ci4\stockmadu\public\index.php(37): CodeIgniter\CodeIgniter->run()
#11 D:\MainFolder\ci4\stockmadu\system\Commands\Server\rewrite.php(43): require_once('D:\\MainFolder\\c...')
#12 {main}
ERROR - 2022-04-05 22:46:10 --> Unknown table 'stockmadu.t'
CRITICAL - 2022-04-05 22:46:10 --> Unknown table 'stockmadu.t'
#0 D:\MainFolder\ci4\stockmadu\system\Database\MySQLi\Connection.php(292): mysqli->query('SELECT `t`.*, `...', 0)
#1 D:\MainFolder\ci4\stockmadu\system\Database\BaseConnection.php(670): CodeIgniter\Database\MySQLi\Connection->execute('SELECT `t`.*, `...')
#2 D:\MainFolder\ci4\stockmadu\system\Database\BaseConnection.php(598): CodeIgniter\Database\BaseConnection->simpleQuery('SELECT `t`.*, `...')
#3 D:\MainFolder\ci4\stockmadu\system\Database\BaseBuilder.php(1455): CodeIgniter\Database\BaseConnection->query('SELECT `t`.*, `...', Array, false)
#4 D:\MainFolder\ci4\stockmadu\system\Model.php(183): CodeIgniter\Database\BaseBuilder->get()
#5 D:\MainFolder\ci4\stockmadu\system\BaseModel.php(584): CodeIgniter\Model->doFindAll(0, 0)
#6 D:\MainFolder\ci4\stockmadu\app\Controllers\Home.php(40): CodeIgniter\BaseModel->findAll()
#7 D:\MainFolder\ci4\stockmadu\system\CodeIgniter.php(832): App\Controllers\Home->index()
#8 D:\MainFolder\ci4\stockmadu\system\CodeIgniter.php(419): CodeIgniter\CodeIgniter->runController(Object(App\Controllers\Home))
#9 D:\MainFolder\ci4\stockmadu\system\CodeIgniter.php(326): CodeIgniter\CodeIgniter->handleRequest(NULL, Object(Config\Cache), false)
#10 D:\MainFolder\ci4\stockmadu\public\index.php(37): CodeIgniter\CodeIgniter->run()
#11 D:\MainFolder\ci4\stockmadu\system\Commands\Server\rewrite.php(43): require_once('D:\\MainFolder\\c...')
#12 {main}
CRITICAL - 2022-04-05 22:48:35 --> Undefined variable $db
#0 D:\MainFolder\ci4\stockmadu\app\Controllers\Home.php(40): CodeIgniter\Debug\Exceptions->errorHandler(2, 'Undefined varia...', 'D:\\MainFolder\\c...', 40)
#1 D:\MainFolder\ci4\stockmadu\system\CodeIgniter.php(832): App\Controllers\Home->index()
#2 D:\MainFolder\ci4\stockmadu\system\CodeIgniter.php(419): CodeIgniter\CodeIgniter->runController(Object(App\Controllers\Home))
#3 D:\MainFolder\ci4\stockmadu\system\CodeIgniter.php(326): CodeIgniter\CodeIgniter->handleRequest(NULL, Object(Config\Cache), false)
#4 D:\MainFolder\ci4\stockmadu\public\index.php(37): CodeIgniter\CodeIgniter->run()
#5 D:\MainFolder\ci4\stockmadu\system\Commands\Server\rewrite.php(43): require_once('D:\\MainFolder\\c...')
#6 {main}
ERROR - 2022-04-05 22:48:45 --> You have an error in your SQL syntax; check the manual that corresponds to your MariaDB server version for the right syntax to use near 'user_id' at line 1
CRITICAL - 2022-04-05 22:48:45 --> You have an error in your SQL syntax; check the manual that corresponds to your MariaDB server version for the right syntax to use near 'user_id' at line 1
#0 D:\MainFolder\ci4\stockmadu\system\Database\MySQLi\Connection.php(292): mysqli->query('SELECT o.* FROM...', 0)
#1 D:\MainFolder\ci4\stockmadu\system\Database\BaseConnection.php(670): CodeIgniter\Database\MySQLi\Connection->execute('SELECT o.* FROM...')
#2 D:\MainFolder\ci4\stockmadu\system\Database\BaseConnection.php(598): CodeIgniter\Database\BaseConnection->simpleQuery('SELECT o.* FROM...')
#3 D:\MainFolder\ci4\stockmadu\app\Controllers\Home.php(40): CodeIgniter\Database\BaseConnection->query('SELECT o.* FROM...')
#4 D:\MainFolder\ci4\stockmadu\system\CodeIgniter.php(832): App\Controllers\Home->index()
#5 D:\MainFolder\ci4\stockmadu\system\CodeIgniter.php(419): CodeIgniter\CodeIgniter->runController(Object(App\Controllers\Home))
#6 D:\MainFolder\ci4\stockmadu\system\CodeIgniter.php(326): CodeIgniter\CodeIgniter->handleRequest(NULL, Object(Config\Cache), false)
#7 D:\MainFolder\ci4\stockmadu\public\index.php(37): CodeIgniter\CodeIgniter->run()
#8 D:\MainFolder\ci4\stockmadu\system\Commands\Server\rewrite.php(43): require_once('D:\\MainFolder\\c...')
#9 {main}
ERROR - 2022-04-05 22:49:22 --> Unknown column 'u.nama' in 'field list'
CRITICAL - 2022-04-05 22:49:22 --> Unknown column 'u.nama' in 'field list'
#0 D:\MainFolder\ci4\stockmadu\system\Database\MySQLi\Connection.php(292): mysqli->query('SELECT o.*,u.na...', 0)
#1 D:\MainFolder\ci4\stockmadu\system\Database\BaseConnection.php(670): CodeIgniter\Database\MySQLi\Connection->execute('SELECT o.*,u.na...')
#2 D:\MainFolder\ci4\stockmadu\system\Database\BaseConnection.php(598): CodeIgniter\Database\BaseConnection->simpleQuery('SELECT o.*,u.na...')
#3 D:\MainFolder\ci4\stockmadu\app\Controllers\Home.php(40): CodeIgniter\Database\BaseConnection->query('SELECT o.*,u.na...')
#4 D:\MainFolder\ci4\stockmadu\system\CodeIgniter.php(832): App\Controllers\Home->index()
#5 D:\MainFolder\ci4\stockmadu\system\CodeIgniter.php(419): CodeIgniter\CodeIgniter->runController(Object(App\Controllers\Home))
#6 D:\MainFolder\ci4\stockmadu\system\CodeIgniter.php(326): CodeIgniter\CodeIgniter->handleRequest(NULL, Object(Config\Cache), false)
#7 D:\MainFolder\ci4\stockmadu\public\index.php(37): CodeIgniter\CodeIgniter->run()
#8 D:\MainFolder\ci4\stockmadu\system\Commands\Server\rewrite.php(43): require_once('D:\\MainFolder\\c...')
#9 {main}
ERROR - 2022-04-05 22:49:35 --> Unknown column 'users.id' in 'on clause'
CRITICAL - 2022-04-05 22:49:35 --> Unknown column 'users.id' in 'on clause'
#0 D:\MainFolder\ci4\stockmadu\system\Database\MySQLi\Connection.php(292): mysqli->query('SELECT o.*,u.* ...', 0)
#1 D:\MainFolder\ci4\stockmadu\system\Database\BaseConnection.php(670): CodeIgniter\Database\MySQLi\Connection->execute('SELECT o.*,u.* ...')
#2 D:\MainFolder\ci4\stockmadu\system\Database\BaseConnection.php(598): CodeIgniter\Database\BaseConnection->simpleQuery('SELECT o.*,u.* ...')
#3 D:\MainFolder\ci4\stockmadu\app\Controllers\Home.php(40): CodeIgniter\Database\BaseConnection->query('SELECT o.*,u.* ...')
#4 D:\MainFolder\ci4\stockmadu\system\CodeIgniter.php(832): App\Controllers\Home->index()
#5 D:\MainFolder\ci4\stockmadu\system\CodeIgniter.php(419): CodeIgniter\CodeIgniter->runController(Object(App\Controllers\Home))
#6 D:\MainFolder\ci4\stockmadu\system\CodeIgniter.php(326): CodeIgniter\CodeIgniter->handleRequest(NULL, Object(Config\Cache), false)
#7 D:\MainFolder\ci4\stockmadu\public\index.php(37): CodeIgniter\CodeIgniter->run()
#8 D:\MainFolder\ci4\stockmadu\system\Commands\Server\rewrite.php(43): require_once('D:\\MainFolder\\c...')
#9 {main}
ERROR - 2022-04-05 22:49:45 --> Unknown column 'u.nama' in 'field list'
CRITICAL - 2022-04-05 22:49:45 --> Unknown column 'u.nama' in 'field list'
#0 D:\MainFolder\ci4\stockmadu\system\Database\MySQLi\Connection.php(292): mysqli->query('SELECT o.*,u.na...', 0)
#1 D:\MainFolder\ci4\stockmadu\system\Database\BaseConnection.php(670): CodeIgniter\Database\MySQLi\Connection->execute('SELECT o.*,u.na...')
#2 D:\MainFolder\ci4\stockmadu\system\Database\BaseConnection.php(598): CodeIgniter\Database\BaseConnection->simpleQuery('SELECT o.*,u.na...')
#3 D:\MainFolder\ci4\stockmadu\app\Controllers\Home.php(40): CodeIgniter\Database\BaseConnection->query('SELECT o.*,u.na...')
#4 D:\MainFolder\ci4\stockmadu\system\CodeIgniter.php(832): App\Controllers\Home->index()
#5 D:\MainFolder\ci4\stockmadu\system\CodeIgniter.php(419): CodeIgniter\CodeIgniter->runController(Object(App\Controllers\Home))
#6 D:\MainFolder\ci4\stockmadu\system\CodeIgniter.php(326): CodeIgniter\CodeIgniter->handleRequest(NULL, Object(Config\Cache), false)
#7 D:\MainFolder\ci4\stockmadu\public\index.php(37): CodeIgniter\CodeIgniter->run()
#8 D:\MainFolder\ci4\stockmadu\system\Commands\Server\rewrite.php(43): require_once('D:\\MainFolder\\c...')
#9 {main}
ERROR - 2022-04-05 22:50:07 --> Unknown column 'u.nama' in 'field list'
CRITICAL - 2022-04-05 22:50:07 --> Unknown column 'u.nama' in 'field list'
#0 D:\MainFolder\ci4\stockmadu\system\Database\MySQLi\Connection.php(292): mysqli->query('SELECT o.*,u.na...', 0)
#1 D:\MainFolder\ci4\stockmadu\system\Database\BaseConnection.php(670): CodeIgniter\Database\MySQLi\Connection->execute('SELECT o.*,u.na...')
#2 D:\MainFolder\ci4\stockmadu\system\Database\BaseConnection.php(598): CodeIgniter\Database\BaseConnection->simpleQuery('SELECT o.*,u.na...')
#3 D:\MainFolder\ci4\stockmadu\app\Controllers\Home.php(40): CodeIgniter\Database\BaseConnection->query('SELECT o.*,u.na...')
#4 D:\MainFolder\ci4\stockmadu\system\CodeIgniter.php(832): App\Controllers\Home->index()
#5 D:\MainFolder\ci4\stockmadu\system\CodeIgniter.php(419): CodeIgniter\CodeIgniter->runController(Object(App\Controllers\Home))
#6 D:\MainFolder\ci4\stockmadu\system\CodeIgniter.php(326): CodeIgniter\CodeIgniter->handleRequest(NULL, Object(Config\Cache), false)
#7 D:\MainFolder\ci4\stockmadu\public\index.php(37): CodeIgniter\CodeIgniter->run()
#8 D:\MainFolder\ci4\stockmadu\system\Commands\Server\rewrite.php(43): require_once('D:\\MainFolder\\c...')
#9 {main}
ERROR - 2022-04-05 22:50:17 --> Unknown column 'u.nama' in 'field list'
CRITICAL - 2022-04-05 22:50:17 --> Unknown column 'u.nama' in 'field list'
#0 D:\MainFolder\ci4\stockmadu\system\Database\MySQLi\Connection.php(292): mysqli->query('SELECT o.*,u.na...', 0)
#1 D:\MainFolder\ci4\stockmadu\system\Database\BaseConnection.php(670): CodeIgniter\Database\MySQLi\Connection->execute('SELECT o.*,u.na...')
#2 D:\MainFolder\ci4\stockmadu\system\Database\BaseConnection.php(598): CodeIgniter\Database\BaseConnection->simpleQuery('SELECT o.*,u.na...')
#3 D:\MainFolder\ci4\stockmadu\app\Controllers\Home.php(40): CodeIgniter\Database\BaseConnection->query('SELECT o.*,u.na...')
#4 D:\MainFolder\ci4\stockmadu\system\CodeIgniter.php(832): App\Controllers\Home->index()
#5 D:\MainFolder\ci4\stockmadu\system\CodeIgniter.php(419): CodeIgniter\CodeIgniter->runController(Object(App\Controllers\Home))
#6 D:\MainFolder\ci4\stockmadu\system\CodeIgniter.php(326): CodeIgniter\CodeIgniter->handleRequest(NULL, Object(Config\Cache), false)
#7 D:\MainFolder\ci4\stockmadu\public\index.php(37): CodeIgniter\CodeIgniter->run()
#8 D:\MainFolder\ci4\stockmadu\system\Commands\Server\rewrite.php(43): require_once('D:\\MainFolder\\c...')
#9 {main}
ERROR - 2022-04-05 22:50:31 --> Unknown column 'users.nama' in 'field list'
CRITICAL - 2022-04-05 22:50:31 --> Unknown column 'users.nama' in 'field list'
#0 D:\MainFolder\ci4\stockmadu\system\Database\MySQLi\Connection.php(292): mysqli->query('SELECT o.*,user...', 0)
#1 D:\MainFolder\ci4\stockmadu\system\Database\BaseConnection.php(670): CodeIgniter\Database\MySQLi\Connection->execute('SELECT o.*,user...')
#2 D:\MainFolder\ci4\stockmadu\system\Database\BaseConnection.php(598): CodeIgniter\Database\BaseConnection->simpleQuery('SELECT o.*,user...')
#3 D:\MainFolder\ci4\stockmadu\app\Controllers\Home.php(40): CodeIgniter\Database\BaseConnection->query('SELECT o.*,user...')
#4 D:\MainFolder\ci4\stockmadu\system\CodeIgniter.php(832): App\Controllers\Home->index()
#5 D:\MainFolder\ci4\stockmadu\system\CodeIgniter.php(419): CodeIgniter\CodeIgniter->runController(Object(App\Controllers\Home))
#6 D:\MainFolder\ci4\stockmadu\system\CodeIgniter.php(326): CodeIgniter\CodeIgniter->handleRequest(NULL, Object(Config\Cache), false)
#7 D:\MainFolder\ci4\stockmadu\public\index.php(37): CodeIgniter\CodeIgniter->run()
#8 D:\MainFolder\ci4\stockmadu\system\Commands\Server\rewrite.php(43): require_once('D:\\MainFolder\\c...')
#9 {main}
ERROR - 2022-04-05 22:51:13 --> You have an error in your SQL syntax; check the manual that corresponds to your MariaDB server version for the right syntax to use near 'as awok FROM outlets AS o INNER JOIN users AS u ON u.id = o.user_id' at line 1
CRITICAL - 2022-04-05 22:51:13 --> You have an error in your SQL syntax; check the manual that corresponds to your MariaDB server version for the right syntax to use near 'as awok FROM outlets AS o INNER JOIN users AS u ON u.id = o.user_id' at line 1
#0 D:\MainFolder\ci4\stockmadu\system\Database\MySQLi\Connection.php(292): mysqli->query('SELECT o.*,u.* ...', 0)
#1 D:\MainFolder\ci4\stockmadu\system\Database\BaseConnection.php(670): CodeIgniter\Database\MySQLi\Connection->execute('SELECT o.*,u.* ...')
#2 D:\MainFolder\ci4\stockmadu\system\Database\BaseConnection.php(598): CodeIgniter\Database\BaseConnection->simpleQuery('SELECT o.*,u.* ...')
#3 D:\MainFolder\ci4\stockmadu\app\Controllers\Home.php(40): CodeIgniter\Database\BaseConnection->query('SELECT o.*,u.* ...')
#4 D:\MainFolder\ci4\stockmadu\system\CodeIgniter.php(832): App\Controllers\Home->index()
#5 D:\MainFolder\ci4\stockmadu\system\CodeIgniter.php(419): CodeIgniter\CodeIgniter->runController(Object(App\Controllers\Home))
#6 D:\MainFolder\ci4\stockmadu\system\CodeIgniter.php(326): CodeIgniter\CodeIgniter->handleRequest(NULL, Object(Config\Cache), false)
#7 D:\MainFolder\ci4\stockmadu\public\index.php(37): CodeIgniter\CodeIgniter->run()
#8 D:\MainFolder\ci4\stockmadu\system\Commands\Server\rewrite.php(43): require_once('D:\\MainFolder\\c...')
#9 {main}
