ERROR - 2022-04-06 00:21:27 --> Error connecting to the database: No connection could be made because the target machine actively refused it
CRITICAL - 2022-04-06 00:21:27 --> Unable to connect to the database.
Main connection [MySQLi]: No connection could be made because the target machine actively refused it
#0 C:\Users\WORK\Documents\dika\ci4\stockmadu\system\Database\BaseConnection.php(577): CodeIgniter\Database\BaseConnection->initialize()
#1 C:\Users\WORK\Documents\dika\ci4\stockmadu\system\Database\BaseBuilder.php(1455): CodeIgniter\Database\BaseConnection->query('SELECT *\nFROM `...', Array, false)
#2 C:\Users\WORK\Documents\dika\ci4\stockmadu\system\Model.php(183): CodeIgniter\Database\BaseBuilder->get()
#3 C:\Users\WORK\Documents\dika\ci4\stockmadu\system\BaseModel.php(584): CodeIgniter\Model->doFindAll(0, 0)
#4 C:\Users\WORK\Documents\dika\ci4\stockmadu\app\Controllers\Home.php(28): CodeIgniter\BaseModel->findAll()
#5 C:\Users\WORK\Documents\dika\ci4\stockmadu\system\CodeIgniter.php(832): App\Controllers\Home->index()
#6 C:\Users\WORK\Documents\dika\ci4\stockmadu\system\CodeIgniter.php(419): CodeIgniter\CodeIgniter->runController(Object(App\Controllers\Home))
#7 C:\Users\WORK\Documents\dika\ci4\stockmadu\system\CodeIgniter.php(326): CodeIgniter\CodeIgniter->handleRequest(NULL, Object(Config\Cache), false)
#8 C:\Users\WORK\Documents\dika\ci4\stockmadu\public\index.php(37): CodeIgniter\CodeIgniter->run()
#9 C:\Users\WORK\Documents\dika\ci4\stockmadu\system\Commands\Server\rewrite.php(43): require_once('C:\\Users\\WORK\\D...')
#10 {main}
CRITICAL - 2022-04-06 00:23:27 --> Call to undefined method App\Models\TransactionModel::sumSelect
#0 C:\Users\WORK\Documents\dika\ci4\stockmadu\app\Controllers\Home.php(49): CodeIgniter\Model->__call('sumSelect', Array)
#1 C:\Users\WORK\Documents\dika\ci4\stockmadu\system\CodeIgniter.php(832): App\Controllers\Home->index()
#2 C:\Users\WORK\Documents\dika\ci4\stockmadu\system\CodeIgniter.php(419): CodeIgniter\CodeIgniter->runController(Object(App\Controllers\Home))
#3 C:\Users\WORK\Documents\dika\ci4\stockmadu\system\CodeIgniter.php(326): CodeIgniter\CodeIgniter->handleRequest(NULL, Object(Config\Cache), false)
#4 C:\Users\WORK\Documents\dika\ci4\stockmadu\public\index.php(37): CodeIgniter\CodeIgniter->run()
#5 C:\Users\WORK\Documents\dika\ci4\stockmadu\system\Commands\Server\rewrite.php(43): require_once('C:\\Users\\WORK\\D...')
#6 {main}
CRITICAL - 2022-04-06 00:29:38 --> Attempt to read property "nama_user" on array
#0 C:\Users\WORK\Documents\dika\ci4\stockmadu\app\Views\owner\index.php(140): CodeIgniter\Debug\Exceptions->errorHandler(2, 'Attempt to read...', 'C:\\Users\\WORK\\D...', 140)
#1 C:\Users\WORK\Documents\dika\ci4\stockmadu\system\View\View.php(210): include('C:\\Users\\WORK\\D...')
#2 C:\Users\WORK\Documents\dika\ci4\stockmadu\system\View\View.php(213): CodeIgniter\View\View->CodeIgniter\View\{closure}()
#3 C:\Users\WORK\Documents\dika\ci4\stockmadu\system\Common.php(1089): CodeIgniter\View\View->render('owner/index', Array, true)
#4 C:\Users\WORK\Documents\dika\ci4\stockmadu\app\Controllers\Home.php(66): view('owner/index', Array)
#5 C:\Users\WORK\Documents\dika\ci4\stockmadu\system\CodeIgniter.php(832): App\Controllers\Home->index()
#6 C:\Users\WORK\Documents\dika\ci4\stockmadu\system\CodeIgniter.php(419): CodeIgniter\CodeIgniter->runController(Object(App\Controllers\Home))
#7 C:\Users\WORK\Documents\dika\ci4\stockmadu\system\CodeIgniter.php(326): CodeIgniter\CodeIgniter->handleRequest(NULL, Object(Config\Cache), false)
#8 C:\Users\WORK\Documents\dika\ci4\stockmadu\public\index.php(37): CodeIgniter\CodeIgniter->run()
#9 C:\Users\WORK\Documents\dika\ci4\stockmadu\system\Commands\Server\rewrite.php(43): require_once('C:\\Users\\WORK\\D...')
#10 {main}
CRITICAL - 2022-04-06 00:31:11 --> Undefined array key "products"
#0 C:\Users\WORK\Documents\dika\ci4\stockmadu\app\Views\owner\index.php(143): CodeIgniter\Debug\Exceptions->errorHandler(2, 'Undefined array...', 'C:\\Users\\WORK\\D...', 143)
#1 C:\Users\WORK\Documents\dika\ci4\stockmadu\system\View\View.php(210): include('C:\\Users\\WORK\\D...')
#2 C:\Users\WORK\Documents\dika\ci4\stockmadu\system\View\View.php(213): CodeIgniter\View\View->CodeIgniter\View\{closure}()
#3 C:\Users\WORK\Documents\dika\ci4\stockmadu\system\Common.php(1089): CodeIgniter\View\View->render('owner/index', Array, true)
#4 C:\Users\WORK\Documents\dika\ci4\stockmadu\app\Controllers\Home.php(66): view('owner/index', Array)
#5 C:\Users\WORK\Documents\dika\ci4\stockmadu\system\CodeIgniter.php(832): App\Controllers\Home->index()
#6 C:\Users\WORK\Documents\dika\ci4\stockmadu\system\CodeIgniter.php(419): CodeIgniter\CodeIgniter->runController(Object(App\Controllers\Home))
#7 C:\Users\WORK\Documents\dika\ci4\stockmadu\system\CodeIgniter.php(326): CodeIgniter\CodeIgniter->handleRequest(NULL, Object(Config\Cache), false)
#8 C:\Users\WORK\Documents\dika\ci4\stockmadu\public\index.php(37): CodeIgniter\CodeIgniter->run()
#9 C:\Users\WORK\Documents\dika\ci4\stockmadu\system\Commands\Server\rewrite.php(43): require_once('C:\\Users\\WORK\\D...')
#10 {main}
CRITICAL - 2022-04-06 00:31:41 --> Undefined array key "products"
#0 C:\Users\WORK\Documents\dika\ci4\stockmadu\app\Views\owner\index.php(143): CodeIgniter\Debug\Exceptions->errorHandler(2, 'Undefined array...', 'C:\\Users\\WORK\\D...', 143)
#1 C:\Users\WORK\Documents\dika\ci4\stockmadu\system\View\View.php(210): include('C:\\Users\\WORK\\D...')
#2 C:\Users\WORK\Documents\dika\ci4\stockmadu\system\View\View.php(213): CodeIgniter\View\View->CodeIgniter\View\{closure}()
#3 C:\Users\WORK\Documents\dika\ci4\stockmadu\system\Common.php(1089): CodeIgniter\View\View->render('owner/index', Array, true)
#4 C:\Users\WORK\Documents\dika\ci4\stockmadu\app\Controllers\Home.php(66): view('owner/index', Array)
#5 C:\Users\WORK\Documents\dika\ci4\stockmadu\system\CodeIgniter.php(832): App\Controllers\Home->index()
#6 C:\Users\WORK\Documents\dika\ci4\stockmadu\system\CodeIgniter.php(419): CodeIgniter\CodeIgniter->runController(Object(App\Controllers\Home))
#7 C:\Users\WORK\Documents\dika\ci4\stockmadu\system\CodeIgniter.php(326): CodeIgniter\CodeIgniter->handleRequest(NULL, Object(Config\Cache), false)
#8 C:\Users\WORK\Documents\dika\ci4\stockmadu\public\index.php(37): CodeIgniter\CodeIgniter->run()
#9 C:\Users\WORK\Documents\dika\ci4\stockmadu\system\Commands\Server\rewrite.php(43): require_once('C:\\Users\\WORK\\D...')
#10 {main}
CRITICAL - 2022-04-06 00:31:42 --> Undefined array key "products"
#0 C:\Users\WORK\Documents\dika\ci4\stockmadu\app\Views\owner\index.php(143): CodeIgniter\Debug\Exceptions->errorHandler(2, 'Undefined array...', 'C:\\Users\\WORK\\D...', 143)
#1 C:\Users\WORK\Documents\dika\ci4\stockmadu\system\View\View.php(210): include('C:\\Users\\WORK\\D...')
#2 C:\Users\WORK\Documents\dika\ci4\stockmadu\system\View\View.php(213): CodeIgniter\View\View->CodeIgniter\View\{closure}()
#3 C:\Users\WORK\Documents\dika\ci4\stockmadu\system\Common.php(1089): CodeIgniter\View\View->render('owner/index', Array, true)
#4 C:\Users\WORK\Documents\dika\ci4\stockmadu\app\Controllers\Home.php(66): view('owner/index', Array)
#5 C:\Users\WORK\Documents\dika\ci4\stockmadu\system\CodeIgniter.php(832): App\Controllers\Home->index()
#6 C:\Users\WORK\Documents\dika\ci4\stockmadu\system\CodeIgniter.php(419): CodeIgniter\CodeIgniter->runController(Object(App\Controllers\Home))
#7 C:\Users\WORK\Documents\dika\ci4\stockmadu\system\CodeIgniter.php(326): CodeIgniter\CodeIgniter->handleRequest(NULL, Object(Config\Cache), false)
#8 C:\Users\WORK\Documents\dika\ci4\stockmadu\public\index.php(37): CodeIgniter\CodeIgniter->run()
#9 C:\Users\WORK\Documents\dika\ci4\stockmadu\system\Commands\Server\rewrite.php(43): require_once('C:\\Users\\WORK\\D...')
#10 {main}
