CRITICAL - 2022-04-04 14:05:35 --> Allowed fields must be specified for model: App\Models\UserModel
#0 C:\Users\WORK\Documents\dika\ci4\stockmadu\system\BaseModel.php(1138): CodeIgniter\Database\Exceptions\DataException::forInvalidAllowedFields('App\\Models\\User...')
#1 C:\Users\WORK\Documents\dika\ci4\stockmadu\system\BaseModel.php(713): CodeIgniter\BaseModel->doProtectFields(Array)
#2 C:\Users\WORK\Documents\dika\ci4\stockmadu\system\Model.php(625): CodeIgniter\BaseModel->insert(Array, false)
#3 C:\Users\WORK\Documents\dika\ci4\stockmadu\system\BaseModel.php(658): CodeIgniter\Model->insert(Object(App\Entities\User), false)
#4 C:\Users\WORK\Documents\dika\ci4\stockmadu\app\Controllers\Home.php(16): CodeIgniter\BaseModel->save(Object(App\Entities\User))
#5 C:\Users\WORK\Documents\dika\ci4\stockmadu\system\CodeIgniter.php(832): App\Controllers\Home->index()
#6 C:\Users\WORK\Documents\dika\ci4\stockmadu\system\CodeIgniter.php(419): CodeIgniter\CodeIgniter->runController(Object(App\Controllers\Home))
#7 C:\Users\WORK\Documents\dika\ci4\stockmadu\system\CodeIgniter.php(326): CodeIgniter\CodeIgniter->handleRequest(NULL, Object(Config\Cache), false)
#8 C:\Users\WORK\Documents\dika\ci4\stockmadu\public\index.php(37): CodeIgniter\CodeIgniter->run()
#9 C:\Users\WORK\Documents\dika\ci4\stockmadu\system\Commands\Server\rewrite.php(43): require_once('C:\\Users\\WORK\\D...')
#10 {main}
CRITICAL - 2022-04-04 14:05:54 --> Allowed fields must be specified for model: App\Models\UserModel
#0 C:\Users\WORK\Documents\dika\ci4\stockmadu\system\BaseModel.php(1138): CodeIgniter\Database\Exceptions\DataException::forInvalidAllowedFields('App\\Models\\User...')
#1 C:\Users\WORK\Documents\dika\ci4\stockmadu\system\BaseModel.php(713): CodeIgniter\BaseModel->doProtectFields(Array)
#2 C:\Users\WORK\Documents\dika\ci4\stockmadu\system\Model.php(625): CodeIgniter\BaseModel->insert(Array, false)
#3 C:\Users\WORK\Documents\dika\ci4\stockmadu\system\BaseModel.php(658): CodeIgniter\Model->insert(Object(App\Entities\User), false)
#4 C:\Users\WORK\Documents\dika\ci4\stockmadu\app\Controllers\Home.php(16): CodeIgniter\BaseModel->save(Object(App\Entities\User))
#5 C:\Users\WORK\Documents\dika\ci4\stockmadu\system\CodeIgniter.php(832): App\Controllers\Home->index()
#6 C:\Users\WORK\Documents\dika\ci4\stockmadu\system\CodeIgniter.php(419): CodeIgniter\CodeIgniter->runController(Object(App\Controllers\Home))
#7 C:\Users\WORK\Documents\dika\ci4\stockmadu\system\CodeIgniter.php(326): CodeIgniter\CodeIgniter->handleRequest(NULL, Object(Config\Cache), false)
#8 C:\Users\WORK\Documents\dika\ci4\stockmadu\public\index.php(37): CodeIgniter\CodeIgniter->run()
#9 C:\Users\WORK\Documents\dika\ci4\stockmadu\system\Commands\Server\rewrite.php(43): require_once('C:\\Users\\WORK\\D...')
#10 {main}
CRITICAL - 2022-04-04 15:43:31 --> Call to undefined method App\Entities\User::get()
#0 C:\Users\WORK\Documents\dika\ci4\stockmadu\system\CodeIgniter.php(832): App\Controllers\Auth->login()
#1 C:\Users\WORK\Documents\dika\ci4\stockmadu\system\CodeIgniter.php(419): CodeIgniter\CodeIgniter->runController(Object(App\Controllers\Auth))
#2 C:\Users\WORK\Documents\dika\ci4\stockmadu\system\CodeIgniter.php(326): CodeIgniter\CodeIgniter->handleRequest(NULL, Object(Config\Cache), false)
#3 C:\Users\WORK\Documents\dika\ci4\stockmadu\public\index.php(37): CodeIgniter\CodeIgniter->run()
#4 C:\Users\WORK\Documents\dika\ci4\stockmadu\system\Commands\Server\rewrite.php(43): require_once('C:\\Users\\WORK\\D...')
#5 {main}
CRITICAL - 2022-04-04 16:18:05 -->  route cannot be found while reverse-routing.
#0 C:\Users\WORK\Documents\dika\ci4\stockmadu\system\HTTP\RedirectResponse.php(56): CodeIgniter\HTTP\Exceptions\HTTPException::forInvalidRedirectRoute('')
#1 C:\Users\WORK\Documents\dika\ci4\stockmadu\system\Common.php(832): CodeIgniter\HTTP\RedirectResponse->route(false)
#2 C:\Users\WORK\Documents\dika\ci4\stockmadu\app\Controllers\Auth.php(28): redirect('http://localhos...')
#3 C:\Users\WORK\Documents\dika\ci4\stockmadu\system\CodeIgniter.php(832): App\Controllers\Auth->login()
#4 C:\Users\WORK\Documents\dika\ci4\stockmadu\system\CodeIgniter.php(419): CodeIgniter\CodeIgniter->runController(Object(App\Controllers\Auth))
#5 C:\Users\WORK\Documents\dika\ci4\stockmadu\system\CodeIgniter.php(326): CodeIgniter\CodeIgniter->handleRequest(NULL, Object(Config\Cache), false)
#6 C:\Users\WORK\Documents\dika\ci4\stockmadu\public\index.php(37): CodeIgniter\CodeIgniter->run()
#7 C:\Users\WORK\Documents\dika\ci4\stockmadu\system\Commands\Server\rewrite.php(43): require_once('C:\\Users\\WORK\\D...')
#8 {main}
CRITICAL - 2022-04-04 16:52:17 --> Invalid file: menu.php
#0 C:\Users\WORK\Documents\dika\ci4\stockmadu\system\View\View.php(198): CodeIgniter\Exceptions\FrameworkException::forInvalidFile('menu.php')
#1 C:\Users\WORK\Documents\dika\ci4\stockmadu\system\View\View.php(424): CodeIgniter\View\View->render('menu.php', NULL, true)
#2 C:\Users\WORK\Documents\dika\ci4\stockmadu\app\Views\layout\main.php(38): CodeIgniter\View\View->include('menu.php')
#3 C:\Users\WORK\Documents\dika\ci4\stockmadu\system\View\View.php(210): include('C:\\Users\\WORK\\D...')
#4 C:\Users\WORK\Documents\dika\ci4\stockmadu\system\View\View.php(213): CodeIgniter\View\View->CodeIgniter\View\{closure}()
#5 C:\Users\WORK\Documents\dika\ci4\stockmadu\system\View\View.php(226): CodeIgniter\View\View->render('layout/main', Array, true)
#6 C:\Users\WORK\Documents\dika\ci4\stockmadu\system\Common.php(1089): CodeIgniter\View\View->render('owner/index', Array, true)
#7 C:\Users\WORK\Documents\dika\ci4\stockmadu\app\Controllers\Home.php(13): view('owner/index')
#8 C:\Users\WORK\Documents\dika\ci4\stockmadu\system\CodeIgniter.php(832): App\Controllers\Home->index()
#9 C:\Users\WORK\Documents\dika\ci4\stockmadu\system\CodeIgniter.php(419): CodeIgniter\CodeIgniter->runController(Object(App\Controllers\Home))
#10 C:\Users\WORK\Documents\dika\ci4\stockmadu\system\CodeIgniter.php(326): CodeIgniter\CodeIgniter->handleRequest(NULL, Object(Config\Cache), false)
#11 C:\Users\WORK\Documents\dika\ci4\stockmadu\public\index.php(37): CodeIgniter\CodeIgniter->run()
#12 C:\Users\WORK\Documents\dika\ci4\stockmadu\system\Commands\Server\rewrite.php(43): require_once('C:\\Users\\WORK\\D...')
#13 {main}
CRITICAL - 2022-04-04 16:54:22 --> Call to undefined method CodeIgniter\View\View::request()
#0 C:\Users\WORK\Documents\dika\ci4\stockmadu\system\View\View.php(210): include()
#1 C:\Users\WORK\Documents\dika\ci4\stockmadu\system\View\View.php(213): CodeIgniter\View\View->CodeIgniter\View\{closure}()
#2 C:\Users\WORK\Documents\dika\ci4\stockmadu\system\View\View.php(424): CodeIgniter\View\View->render('layout/menu', NULL, true)
#3 C:\Users\WORK\Documents\dika\ci4\stockmadu\app\Views\layout\main.php(38): CodeIgniter\View\View->include('layout/menu')
#4 C:\Users\WORK\Documents\dika\ci4\stockmadu\system\View\View.php(210): include('C:\\Users\\WORK\\D...')
#5 C:\Users\WORK\Documents\dika\ci4\stockmadu\system\View\View.php(213): CodeIgniter\View\View->CodeIgniter\View\{closure}()
#6 C:\Users\WORK\Documents\dika\ci4\stockmadu\system\View\View.php(226): CodeIgniter\View\View->render('layout/main', Array, true)
#7 C:\Users\WORK\Documents\dika\ci4\stockmadu\system\Common.php(1089): CodeIgniter\View\View->render('owner/index', Array, true)
#8 C:\Users\WORK\Documents\dika\ci4\stockmadu\app\Controllers\Home.php(13): view('owner/index')
#9 C:\Users\WORK\Documents\dika\ci4\stockmadu\system\CodeIgniter.php(832): App\Controllers\Home->index()
#10 C:\Users\WORK\Documents\dika\ci4\stockmadu\system\CodeIgniter.php(419): CodeIgniter\CodeIgniter->runController(Object(App\Controllers\Home))
#11 C:\Users\WORK\Documents\dika\ci4\stockmadu\system\CodeIgniter.php(326): CodeIgniter\CodeIgniter->handleRequest(NULL, Object(Config\Cache), false)
#12 C:\Users\WORK\Documents\dika\ci4\stockmadu\public\index.php(37): CodeIgniter\CodeIgniter->run()
#13 C:\Users\WORK\Documents\dika\ci4\stockmadu\system\Commands\Server\rewrite.php(43): require_once('C:\\Users\\WORK\\D...')
#14 {main}
CRITICAL - 2022-04-04 16:54:31 --> Call to undefined method CodeIgniter\View\View::request()
#0 C:\Users\WORK\Documents\dika\ci4\stockmadu\system\View\View.php(210): include()
#1 C:\Users\WORK\Documents\dika\ci4\stockmadu\system\View\View.php(213): CodeIgniter\View\View->CodeIgniter\View\{closure}()
#2 C:\Users\WORK\Documents\dika\ci4\stockmadu\system\View\View.php(424): CodeIgniter\View\View->render('layout/menu', NULL, true)
#3 C:\Users\WORK\Documents\dika\ci4\stockmadu\app\Views\layout\main.php(38): CodeIgniter\View\View->include('layout/menu')
#4 C:\Users\WORK\Documents\dika\ci4\stockmadu\system\View\View.php(210): include('C:\\Users\\WORK\\D...')
#5 C:\Users\WORK\Documents\dika\ci4\stockmadu\system\View\View.php(213): CodeIgniter\View\View->CodeIgniter\View\{closure}()
#6 C:\Users\WORK\Documents\dika\ci4\stockmadu\system\View\View.php(226): CodeIgniter\View\View->render('layout/main', Array, true)
#7 C:\Users\WORK\Documents\dika\ci4\stockmadu\system\Common.php(1089): CodeIgniter\View\View->render('owner/index', Array, true)
#8 C:\Users\WORK\Documents\dika\ci4\stockmadu\app\Controllers\Home.php(13): view('owner/index')
#9 C:\Users\WORK\Documents\dika\ci4\stockmadu\system\CodeIgniter.php(832): App\Controllers\Home->index()
#10 C:\Users\WORK\Documents\dika\ci4\stockmadu\system\CodeIgniter.php(419): CodeIgniter\CodeIgniter->runController(Object(App\Controllers\Home))
#11 C:\Users\WORK\Documents\dika\ci4\stockmadu\system\CodeIgniter.php(326): CodeIgniter\CodeIgniter->handleRequest(NULL, Object(Config\Cache), false)
#12 C:\Users\WORK\Documents\dika\ci4\stockmadu\public\index.php(37): CodeIgniter\CodeIgniter->run()
#13 C:\Users\WORK\Documents\dika\ci4\stockmadu\system\Commands\Server\rewrite.php(43): require_once('C:\\Users\\WORK\\D...')
#14 {main}
CRITICAL - 2022-04-04 16:54:54 --> Undefined property: CodeIgniter\View\View::$request
#0 C:\Users\WORK\Documents\dika\ci4\stockmadu\app\Views\layout\menu.php(7): CodeIgniter\Debug\Exceptions->errorHandler(2, 'Undefined prope...', 'C:\\Users\\WORK\\D...', 7)
#1 C:\Users\WORK\Documents\dika\ci4\stockmadu\system\View\View.php(210): include('C:\\Users\\WORK\\D...')
#2 C:\Users\WORK\Documents\dika\ci4\stockmadu\system\View\View.php(213): CodeIgniter\View\View->CodeIgniter\View\{closure}()
#3 C:\Users\WORK\Documents\dika\ci4\stockmadu\system\View\View.php(424): CodeIgniter\View\View->render('layout/menu', NULL, true)
#4 C:\Users\WORK\Documents\dika\ci4\stockmadu\app\Views\layout\main.php(38): CodeIgniter\View\View->include('layout/menu')
#5 C:\Users\WORK\Documents\dika\ci4\stockmadu\system\View\View.php(210): include('C:\\Users\\WORK\\D...')
#6 C:\Users\WORK\Documents\dika\ci4\stockmadu\system\View\View.php(213): CodeIgniter\View\View->CodeIgniter\View\{closure}()
#7 C:\Users\WORK\Documents\dika\ci4\stockmadu\system\View\View.php(226): CodeIgniter\View\View->render('layout/main', Array, true)
#8 C:\Users\WORK\Documents\dika\ci4\stockmadu\system\Common.php(1089): CodeIgniter\View\View->render('owner/index', Array, true)
#9 C:\Users\WORK\Documents\dika\ci4\stockmadu\app\Controllers\Home.php(13): view('owner/index')
#10 C:\Users\WORK\Documents\dika\ci4\stockmadu\system\CodeIgniter.php(832): App\Controllers\Home->index()
#11 C:\Users\WORK\Documents\dika\ci4\stockmadu\system\CodeIgniter.php(419): CodeIgniter\CodeIgniter->runController(Object(App\Controllers\Home))
#12 C:\Users\WORK\Documents\dika\ci4\stockmadu\system\CodeIgniter.php(326): CodeIgniter\CodeIgniter->handleRequest(NULL, Object(Config\Cache), false)
#13 C:\Users\WORK\Documents\dika\ci4\stockmadu\public\index.php(37): CodeIgniter\CodeIgniter->run()
#14 C:\Users\WORK\Documents\dika\ci4\stockmadu\system\Commands\Server\rewrite.php(43): require_once('C:\\Users\\WORK\\D...')
#15 {main}
CRITICAL - 2022-04-04 16:54:55 --> Undefined property: CodeIgniter\View\View::$request
#0 C:\Users\WORK\Documents\dika\ci4\stockmadu\app\Views\layout\menu.php(7): CodeIgniter\Debug\Exceptions->errorHandler(2, 'Undefined prope...', 'C:\\Users\\WORK\\D...', 7)
#1 C:\Users\WORK\Documents\dika\ci4\stockmadu\system\View\View.php(210): include('C:\\Users\\WORK\\D...')
#2 C:\Users\WORK\Documents\dika\ci4\stockmadu\system\View\View.php(213): CodeIgniter\View\View->CodeIgniter\View\{closure}()
#3 C:\Users\WORK\Documents\dika\ci4\stockmadu\system\View\View.php(424): CodeIgniter\View\View->render('layout/menu', NULL, true)
#4 C:\Users\WORK\Documents\dika\ci4\stockmadu\app\Views\layout\main.php(38): CodeIgniter\View\View->include('layout/menu')
#5 C:\Users\WORK\Documents\dika\ci4\stockmadu\system\View\View.php(210): include('C:\\Users\\WORK\\D...')
#6 C:\Users\WORK\Documents\dika\ci4\stockmadu\system\View\View.php(213): CodeIgniter\View\View->CodeIgniter\View\{closure}()
#7 C:\Users\WORK\Documents\dika\ci4\stockmadu\system\View\View.php(226): CodeIgniter\View\View->render('layout/main', Array, true)
#8 C:\Users\WORK\Documents\dika\ci4\stockmadu\system\Common.php(1089): CodeIgniter\View\View->render('owner/index', Array, true)
#9 C:\Users\WORK\Documents\dika\ci4\stockmadu\app\Controllers\Home.php(13): view('owner/index')
#10 C:\Users\WORK\Documents\dika\ci4\stockmadu\system\CodeIgniter.php(832): App\Controllers\Home->index()
#11 C:\Users\WORK\Documents\dika\ci4\stockmadu\system\CodeIgniter.php(419): CodeIgniter\CodeIgniter->runController(Object(App\Controllers\Home))
#12 C:\Users\WORK\Documents\dika\ci4\stockmadu\system\CodeIgniter.php(326): CodeIgniter\CodeIgniter->handleRequest(NULL, Object(Config\Cache), false)
#13 C:\Users\WORK\Documents\dika\ci4\stockmadu\public\index.php(37): CodeIgniter\CodeIgniter->run()
#14 C:\Users\WORK\Documents\dika\ci4\stockmadu\system\Commands\Server\rewrite.php(43): require_once('C:\\Users\\WORK\\D...')
#15 {main}
CRITICAL - 2022-04-04 16:55:30 --> Call to undefined method CodeIgniter\View\View::current_url()
#0 C:\Users\WORK\Documents\dika\ci4\stockmadu\system\View\View.php(210): include()
#1 C:\Users\WORK\Documents\dika\ci4\stockmadu\system\View\View.php(213): CodeIgniter\View\View->CodeIgniter\View\{closure}()
#2 C:\Users\WORK\Documents\dika\ci4\stockmadu\system\View\View.php(424): CodeIgniter\View\View->render('layout/menu', NULL, true)
#3 C:\Users\WORK\Documents\dika\ci4\stockmadu\app\Views\layout\main.php(38): CodeIgniter\View\View->include('layout/menu')
#4 C:\Users\WORK\Documents\dika\ci4\stockmadu\system\View\View.php(210): include('C:\\Users\\WORK\\D...')
#5 C:\Users\WORK\Documents\dika\ci4\stockmadu\system\View\View.php(213): CodeIgniter\View\View->CodeIgniter\View\{closure}()
#6 C:\Users\WORK\Documents\dika\ci4\stockmadu\system\View\View.php(226): CodeIgniter\View\View->render('layout/main', Array, true)
#7 C:\Users\WORK\Documents\dika\ci4\stockmadu\system\Common.php(1089): CodeIgniter\View\View->render('owner/index', Array, true)
#8 C:\Users\WORK\Documents\dika\ci4\stockmadu\app\Controllers\Home.php(13): view('owner/index')
#9 C:\Users\WORK\Documents\dika\ci4\stockmadu\system\CodeIgniter.php(832): App\Controllers\Home->index()
#10 C:\Users\WORK\Documents\dika\ci4\stockmadu\system\CodeIgniter.php(419): CodeIgniter\CodeIgniter->runController(Object(App\Controllers\Home))
#11 C:\Users\WORK\Documents\dika\ci4\stockmadu\system\CodeIgniter.php(326): CodeIgniter\CodeIgniter->handleRequest(NULL, Object(Config\Cache), false)
#12 C:\Users\WORK\Documents\dika\ci4\stockmadu\public\index.php(37): CodeIgniter\CodeIgniter->run()
#13 C:\Users\WORK\Documents\dika\ci4\stockmadu\system\Commands\Server\rewrite.php(43): require_once('C:\\Users\\WORK\\D...')
#14 {main}
CRITICAL - 2022-04-04 16:57:41 --> Undefined property: CodeIgniter\View\View::$request
#0 C:\Users\WORK\Documents\dika\ci4\stockmadu\app\Views\layout\menu.php(7): CodeIgniter\Debug\Exceptions->errorHandler(2, 'Undefined prope...', 'C:\\Users\\WORK\\D...', 7)
#1 C:\Users\WORK\Documents\dika\ci4\stockmadu\system\View\View.php(210): include('C:\\Users\\WORK\\D...')
#2 C:\Users\WORK\Documents\dika\ci4\stockmadu\system\View\View.php(213): CodeIgniter\View\View->CodeIgniter\View\{closure}()
#3 C:\Users\WORK\Documents\dika\ci4\stockmadu\system\View\View.php(424): CodeIgniter\View\View->render('layout/menu', NULL, true)
#4 C:\Users\WORK\Documents\dika\ci4\stockmadu\app\Views\layout\main.php(38): CodeIgniter\View\View->include('layout/menu')
#5 C:\Users\WORK\Documents\dika\ci4\stockmadu\system\View\View.php(210): include('C:\\Users\\WORK\\D...')
#6 C:\Users\WORK\Documents\dika\ci4\stockmadu\system\View\View.php(213): CodeIgniter\View\View->CodeIgniter\View\{closure}()
#7 C:\Users\WORK\Documents\dika\ci4\stockmadu\system\View\View.php(226): CodeIgniter\View\View->render('layout/main', Array, true)
#8 C:\Users\WORK\Documents\dika\ci4\stockmadu\system\Common.php(1089): CodeIgniter\View\View->render('owner/index', Array, true)
#9 C:\Users\WORK\Documents\dika\ci4\stockmadu\app\Controllers\Home.php(13): view('owner/index')
#10 C:\Users\WORK\Documents\dika\ci4\stockmadu\system\CodeIgniter.php(832): App\Controllers\Home->index()
#11 C:\Users\WORK\Documents\dika\ci4\stockmadu\system\CodeIgniter.php(419): CodeIgniter\CodeIgniter->runController(Object(App\Controllers\Home))
#12 C:\Users\WORK\Documents\dika\ci4\stockmadu\system\CodeIgniter.php(326): CodeIgniter\CodeIgniter->handleRequest(NULL, Object(Config\Cache), false)
#13 C:\Users\WORK\Documents\dika\ci4\stockmadu\public\index.php(37): CodeIgniter\CodeIgniter->run()
#14 C:\Users\WORK\Documents\dika\ci4\stockmadu\system\Commands\Server\rewrite.php(43): require_once('C:\\Users\\WORK\\D...')
#15 {main}
